<?xml version="1.0" encoding="UTF-8" ?>
<testsuite tests="1" failures="0" name="com.inrix.analytics.dal.nasSpeed.NasSpeedRequestTest" time="3.623" errors="1" skipped="0">
  <properties>
[...]
</properties>
  <testcase classname="com.inrix.analytics.dal.nasSpeed.NasSpeedRequestTest" name="testExecute" time="3.492">
    <error type="java.lang.NullPointerException">java.lang.NullPointerException
	at com.inrix.analytics.dal.nasSpeed.NasSpeedRequestTest.testExecute(NasSpeedRequestTest.java:41)
	at sun.reflect.NativeMethodAccessorImpl.invoke0(Native Method)
	at sun.reflect.NativeMethodAccessorImpl.invoke(NativeMethodAccessorImpl.java:62)
	at sun.reflect.DelegatingMethodAccessorImpl.invoke(DelegatingMethodAccessorImpl.java:43)
	at java.lang.reflect.Method.invoke(Method.java:498)
	at org.junit.runners.model.FrameworkMethod$1.runReflectiveCall(FrameworkMethod.java:50)
	at org.junit.internal.runners.model.ReflectiveCallable.run(ReflectiveCallable.java:12)
	at org.junit.runners.model.FrameworkMethod.invokeExplosively(FrameworkMethod.java:47)
	at org.junit.internal.runners.statements.InvokeMethod.evaluate(InvokeMethod.java:17)
	at org.junit.internal.runners.statements.RunBefores.evaluate(RunBefores.java:26)
	at org.junit.runners.ParentRunner.runLeaf(ParentRunner.java:325)
	at org.junit.runners.BlockJUnit4ClassRunner.runChild(BlockJUnit4ClassRunner.java:78)
	at org.junit.runners.BlockJUnit4ClassRunner.runChild(BlockJUnit4ClassRunner.java:57)
	at org.junit.runners.ParentRunner$3.run(ParentRunner.java:290)
	at org.junit.runners.ParentRunner$1.schedule(ParentRunner.java:71)
	at org.junit.runners.ParentRunner.runChildren(ParentRunner.java:288)
	at org.junit.runners.ParentRunner.access$000(ParentRunner.java:58)
	at org.junit.runners.ParentRunner$2.evaluate(ParentRunner.java:268)
	at org.junit.runners.ParentRunner.run(ParentRunner.java:363)
	at org.apache.maven.surefire.junit4.JUnit4TestSet.execute(JUnit4TestSet.java:53)
	at org.apache.maven.surefire.junit4.JUnit4Provider.executeTestSet(JUnit4Provider.java:123)
	at org.apache.maven.surefire.junit4.JUnit4Provider.invoke(JUnit4Provider.java:104)
	at sun.reflect.NativeMethodAccessorImpl.invoke0(Native Method)
	at sun.reflect.NativeMethodAccessorImpl.invoke(NativeMethodAccessorImpl.java:62)
	at sun.reflect.DelegatingMethodAccessorImpl.invoke(DelegatingMethodAccessorImpl.java:43)
	at java.lang.reflect.Method.invoke(Method.java:498)
	at org.apache.maven.surefire.util.ReflectionUtils.invokeMethodWithArray(ReflectionUtils.java:164)
	at org.apache.maven.surefire.booter.ProviderFactory$ProviderProxy.invoke(ProviderFactory.java:110)
	at org.apache.maven.surefire.booter.SurefireStarter.invokeProvider(SurefireStarter.java:175)
	at org.apache.maven.surefire.booter.SurefireStarter.runSuitesInProcessWhenForked(SurefireStarter.java:107)
	at org.apache.maven.surefire.booter.ForkedBooter.main(ForkedBooter.java:68)
</error>
    <system-out>00:00:57.029 [main] DEBUG com.amazonaws.AmazonWebServiceClient - Internal logging succesfully configured to commons logger: true
00:00:57.133 [main] DEBUG com.amazonaws.metrics.AwsSdkMetrics - Admin mbean registered under com.amazonaws.management:type=AwsSdkMetrics
00:00:57.415 [main] DEBUG c.a.internal.config.InternalConfig - Configuration override awssdk_config_override.json not found.
00:00:57.836 [main] DEBUG c.a.auth.AWSCredentialsProviderChain - Unable to load credentials from EnvironmentVariableCredentialsProvider: Unable to load AWS credentials from environment variables (AWS_ACCESS_KEY_ID (or AWS_ACCESS_KEY) and AWS_SECRET_KEY (or AWS_SECRET_ACCESS_KEY))
00:00:57.837 [main] DEBUG c.a.auth.AWSCredentialsProviderChain - Unable to load credentials from SystemPropertiesCredentialsProvider: Unable to load AWS credentials from Java system properties (aws.accessKeyId and aws.secretKey)
00:00:57.850 [main] DEBUG c.a.auth.AWSCredentialsProviderChain - Loading credentials from com.amazonaws.auth.profile.ProfileCredentialsProvider@6c4906d3
00:00:57.854 [main] DEBUG com.amazonaws.request - Sending Request: GET https://inrixprod-referencedata.s3.amazonaws.com /data/dbname=referencedefs/mapversion=1601/tablename=processgroup/data/referencedefs.processgroup.bcp.gz Headers: (User-Agent: aws-sdk-java/1.10.49 Windows_10/10.0 Java_HotSpot(TM)_64-Bit_Server_VM/25.91-b15/1.8.0_91, Content-Type: application/octet-stream, ) 
00:00:57.902 [main] DEBUG c.a.services.s3.internal.S3Signer - Calculated string to sign:
&quot;GET

application/octet-stream
Wed, 22 Jun 2016 07:00:57 GMT
/inrixprod-referencedata/data/dbname%3Dreferencedefs/mapversion%3D1601/tablename%3Dprocessgroup/data/referencedefs.processgroup.bcp.gz&quot;
00:00:58.128 [main] DEBUG o.a.h.i.c.PoolingClientConnectionManager - Connection request: [route: {s}-&gt;https://inrixprod-referencedata.s3.amazonaws.com:443][total kept alive: 0; route allocated: 0 of 50; total allocated: 0 of 50]
00:00:58.149 [main] DEBUG o.a.h.i.c.PoolingClientConnectionManager - Connection leased: [id: 0][route: {s}-&gt;https://inrixprod-referencedata.s3.amazonaws.com:443][total kept alive: 0; route allocated: 1 of 50; total allocated: 1 of 50]
00:00:58.224 [main] DEBUG c.a.h.conn.ssl.SdkTLSSocketFactory - socket.getSupportedProtocols(): [SSLv2Hello, SSLv3, TLSv1, TLSv1.1, TLSv1.2], socket.getEnabledProtocols(): [TLSv1, TLSv1.1, TLSv1.2]
00:00:58.225 [main] DEBUG c.a.h.conn.ssl.SdkTLSSocketFactory - TLS protocol enabled for SSL handshake: [TLSv1.2, TLSv1.1, TLSv1]
00:00:58.225 [main] DEBUG o.a.h.i.c.DefaultClientConnectionOperator - Connecting to inrixprod-referencedata.s3.amazonaws.com:443
00:00:58.225 [main] DEBUG c.a.h.conn.ssl.SdkTLSSocketFactory - connecting to inrixprod-referencedata.s3.amazonaws.com/54.231.160.18:443
00:00:58.383 [main] DEBUG com.amazonaws.internal.SdkSSLSocket - created: inrixprod-referencedata.s3.amazonaws.com/54.231.160.18:443
00:00:58.419 [main] DEBUG o.a.h.c.protocol.RequestAddCookies - CookieSpec selected: default
00:00:58.421 [main] DEBUG o.a.h.c.protocol.RequestAuthCache - Auth cache not set in the context
00:00:58.421 [main] DEBUG o.a.h.c.p.RequestProxyAuthentication - Proxy auth state: UNCHALLENGED
00:00:58.422 [main] DEBUG c.a.http.impl.client.SdkHttpClient - Attempt 1 to execute request
00:00:58.423 [main] DEBUG o.a.h.i.conn.DefaultClientConnection - Sending request: GET /data/dbname%3Dreferencedefs/mapversion%3D1601/tablename%3Dprocessgroup/data/referencedefs.processgroup.bcp.gz HTTP/1.1
00:00:58.423 [main] DEBUG org.apache.http.wire -  &gt;&gt; &quot;GET /data/dbname%3Dreferencedefs/mapversion%3D1601/tablename%3Dprocessgroup/data/referencedefs.processgroup.bcp.gz HTTP/1.1[\r][\n]&quot;
00:00:58.425 [main] DEBUG org.apache.http.wire -  &gt;&gt; &quot;Host: inrixprod-referencedata.s3.amazonaws.com[\r][\n]&quot;
00:00:58.425 [main] DEBUG org.apache.http.wire -  &gt;&gt; &quot;Authorization: AWS AKIAIFEYF3PYZ67CS5IA:H4ZH00Vq54AdtaqtgahztN64kwI=[\r][\n]&quot;
00:00:58.427 [main] DEBUG org.apache.http.wire -  &gt;&gt; &quot;User-Agent: aws-sdk-java/1.10.49 Windows_10/10.0 Java_HotSpot(TM)_64-Bit_Server_VM/25.91-b15/1.8.0_91[\r][\n]&quot;
00:00:58.427 [main] DEBUG org.apache.http.wire -  &gt;&gt; &quot;Date: Wed, 22 Jun 2016 07:00:57 GMT[\r][\n]&quot;
00:00:58.428 [main] DEBUG org.apache.http.wire -  &gt;&gt; &quot;Content-Type: application/octet-stream[\r][\n]&quot;
00:00:58.428 [main] DEBUG org.apache.http.wire -  &gt;&gt; &quot;Connection: Keep-Alive[\r][\n]&quot;
00:00:58.428 [main] DEBUG org.apache.http.wire -  &gt;&gt; &quot;[\r][\n]&quot;
00:00:58.428 [main] DEBUG org.apache.http.headers - &gt;&gt; GET /data/dbname%3Dreferencedefs/mapversion%3D1601/tablename%3Dprocessgroup/data/referencedefs.processgroup.bcp.gz HTTP/1.1
00:00:58.428 [main] DEBUG org.apache.http.headers - &gt;&gt; Host: inrixprod-referencedata.s3.amazonaws.com
00:00:58.428 [main] DEBUG org.apache.http.headers - &gt;&gt; Authorization: AWS AKIAIFEYF3PYZ67CS5IA:H4ZH00Vq54AdtaqtgahztN64kwI=
00:00:58.428 [main] DEBUG org.apache.http.headers - &gt;&gt; User-Agent: aws-sdk-java/1.10.49 Windows_10/10.0 Java_HotSpot(TM)_64-Bit_Server_VM/25.91-b15/1.8.0_91
00:00:58.428 [main] DEBUG org.apache.http.headers - &gt;&gt; Date: Wed, 22 Jun 2016 07:00:57 GMT
00:00:58.428 [main] DEBUG org.apache.http.headers - &gt;&gt; Content-Type: application/octet-stream
00:00:58.428 [main] DEBUG org.apache.http.headers - &gt;&gt; Connection: Keep-Alive
00:00:58.529 [main] DEBUG org.apache.http.wire -  &lt;&lt; &quot;HTTP/1.1 200 OK[\r][\n]&quot;
00:00:58.532 [main] DEBUG org.apache.http.wire -  &lt;&lt; &quot;x-amz-id-2: Eq9Rg+KSrZwa1abkPiSrq/C3eIAHhCWY9zA+LFXp49DKONTwbgWTR5U58zsruHx0dlPZjBfGelc=[\r][\n]&quot;
00:00:58.532 [main] DEBUG org.apache.http.wire -  &lt;&lt; &quot;x-amz-request-id: 12D91DD8817B1535[\r][\n]&quot;
00:00:58.532 [main] DEBUG org.apache.http.wire -  &lt;&lt; &quot;Date: Wed, 22 Jun 2016 07:00:58 GMT[\r][\n]&quot;
00:00:58.532 [main] DEBUG org.apache.http.wire -  &lt;&lt; &quot;x-amz-version-id: 3gAd2kwQyxkX7pFjskEjl9ggAazPySFH[\r][\n]&quot;
00:00:58.532 [main] DEBUG org.apache.http.wire -  &lt;&lt; &quot;Last-Modified: Thu, 14 Apr 2016 19:21:50 GMT[\r][\n]&quot;
00:00:58.532 [main] DEBUG org.apache.http.wire -  &lt;&lt; &quot;ETag: &quot;259e33ef40623b96fd1e5290a68081b4&quot;[\r][\n]&quot;
00:00:58.532 [main] DEBUG org.apache.http.wire -  &lt;&lt; &quot;Accept-Ranges: bytes[\r][\n]&quot;
00:00:58.532 [main] DEBUG org.apache.http.wire -  &lt;&lt; &quot;Content-Type: application/x-gzip[\r][\n]&quot;
00:00:58.532 [main] DEBUG org.apache.http.wire -  &lt;&lt; &quot;Content-Length: 2931[\r][\n]&quot;
00:00:58.532 [main] DEBUG org.apache.http.wire -  &lt;&lt; &quot;Server: AmazonS3[\r][\n]&quot;
00:00:58.533 [main] DEBUG org.apache.http.wire -  &lt;&lt; &quot;[\r][\n]&quot;
00:00:58.533 [main] DEBUG o.a.h.i.conn.DefaultClientConnection - Receiving response: HTTP/1.1 200 OK
00:00:58.533 [main] DEBUG org.apache.http.headers - &lt;&lt; HTTP/1.1 200 OK
00:00:58.534 [main] DEBUG org.apache.http.headers - &lt;&lt; x-amz-id-2: Eq9Rg+KSrZwa1abkPiSrq/C3eIAHhCWY9zA+LFXp49DKONTwbgWTR5U58zsruHx0dlPZjBfGelc=
00:00:58.534 [main] DEBUG org.apache.http.headers - &lt;&lt; x-amz-request-id: 12D91DD8817B1535
00:00:58.534 [main] DEBUG org.apache.http.headers - &lt;&lt; Date: Wed, 22 Jun 2016 07:00:58 GMT
00:00:58.534 [main] DEBUG org.apache.http.headers - &lt;&lt; x-amz-version-id: 3gAd2kwQyxkX7pFjskEjl9ggAazPySFH
00:00:58.534 [main] DEBUG org.apache.http.headers - &lt;&lt; Last-Modified: Thu, 14 Apr 2016 19:21:50 GMT
00:00:58.534 [main] DEBUG org.apache.http.headers - &lt;&lt; ETag: &quot;259e33ef40623b96fd1e5290a68081b4&quot;
00:00:58.534 [main] DEBUG org.apache.http.headers - &lt;&lt; Accept-Ranges: bytes
00:00:58.534 [main] DEBUG org.apache.http.headers - &lt;&lt; Content-Type: application/x-gzip
00:00:58.534 [main] DEBUG org.apache.http.headers - &lt;&lt; Content-Length: 2931
00:00:58.534 [main] DEBUG org.apache.http.headers - &lt;&lt; Server: AmazonS3
00:00:58.541 [main] DEBUG c.a.http.impl.client.SdkHttpClient - Connection can be kept alive for 60000 MILLISECONDS
00:00:58.548 [main] DEBUG com.amazonaws.requestId - x-amzn-RequestId: not available
00:00:58.561 [main] DEBUG com.amazonaws.request - Received successful response: 200, AWS Request ID: 12D91DD8817B1535
00:00:58.561 [main] DEBUG com.amazonaws.requestId - AWS Request ID: 12D91DD8817B1535
00:00:58.563 [main] DEBUG com.amazonaws.request - Sending Request: GET https://inrixprod-referencedata.s3.amazonaws.com /data/dbname=rdd/tablename=holidays/data/referencedefs.holidays.bcp.gz Headers: (User-Agent: aws-sdk-java/1.10.49 Windows_10/10.0 Java_HotSpot(TM)_64-Bit_Server_VM/25.91-b15/1.8.0_91, Content-Type: application/octet-stream, ) 
00:00:58.563 [main] DEBUG c.a.services.s3.internal.S3Signer - Calculated string to sign:
&quot;GET

application/octet-stream
Wed, 22 Jun 2016 07:00:58 GMT
/inrixprod-referencedata/data/dbname%3Drdd/tablename%3Dholidays/data/referencedefs.holidays.bcp.gz&quot;
00:00:58.564 [main] DEBUG o.a.h.i.c.PoolingClientConnectionManager - Connection request: [route: {s}-&gt;https://inrixprod-referencedata.s3.amazonaws.com:443][total kept alive: 0; route allocated: 1 of 50; total allocated: 1 of 50]
00:00:58.564 [main] DEBUG o.a.h.i.c.PoolingClientConnectionManager - Connection leased: [id: 1][route: {s}-&gt;https://inrixprod-referencedata.s3.amazonaws.com:443][total kept alive: 0; route allocated: 2 of 50; total allocated: 2 of 50]
00:00:58.566 [main] DEBUG c.a.h.conn.ssl.SdkTLSSocketFactory - socket.getSupportedProtocols(): [SSLv2Hello, SSLv3, TLSv1, TLSv1.1, TLSv1.2], socket.getEnabledProtocols(): [TLSv1, TLSv1.1, TLSv1.2]
00:00:58.566 [main] DEBUG c.a.h.conn.ssl.SdkTLSSocketFactory - TLS protocol enabled for SSL handshake: [TLSv1.2, TLSv1.1, TLSv1]
00:00:58.566 [main] DEBUG o.a.h.i.c.DefaultClientConnectionOperator - Connecting to inrixprod-referencedata.s3.amazonaws.com:443
00:00:58.566 [main] DEBUG c.a.h.conn.ssl.SdkTLSSocketFactory - connecting to inrixprod-referencedata.s3.amazonaws.com/54.231.160.18:443
00:00:58.723 [main] DEBUG com.amazonaws.internal.SdkSSLSocket - created: inrixprod-referencedata.s3.amazonaws.com/54.231.160.18:443
00:00:58.723 [main] DEBUG o.a.h.c.protocol.RequestAddCookies - CookieSpec selected: default
00:00:58.723 [main] DEBUG o.a.h.c.protocol.RequestAuthCache - Auth cache not set in the context
00:00:58.724 [main] DEBUG o.a.h.c.p.RequestProxyAuthentication - Proxy auth state: UNCHALLENGED
00:00:58.724 [main] DEBUG c.a.http.impl.client.SdkHttpClient - Attempt 1 to execute request
00:00:58.724 [main] DEBUG o.a.h.i.conn.DefaultClientConnection - Sending request: GET /data/dbname%3Drdd/tablename%3Dholidays/data/referencedefs.holidays.bcp.gz HTTP/1.1
00:00:58.724 [main] DEBUG org.apache.http.wire -  &gt;&gt; &quot;GET /data/dbname%3Drdd/tablename%3Dholidays/data/referencedefs.holidays.bcp.gz HTTP/1.1[\r][\n]&quot;
00:00:58.724 [main] DEBUG org.apache.http.wire -  &gt;&gt; &quot;Host: inrixprod-referencedata.s3.amazonaws.com[\r][\n]&quot;
00:00:58.724 [main] DEBUG org.apache.http.wire -  &gt;&gt; &quot;Authorization: AWS AKIAIFEYF3PYZ67CS5IA:Xgw2JiIqweCMOxBwAxUGR9Crt5c=[\r][\n]&quot;
00:00:58.724 [main] DEBUG org.apache.http.wire -  &gt;&gt; &quot;User-Agent: aws-sdk-java/1.10.49 Windows_10/10.0 Java_HotSpot(TM)_64-Bit_Server_VM/25.91-b15/1.8.0_91[\r][\n]&quot;
00:00:58.724 [main] DEBUG org.apache.http.wire -  &gt;&gt; &quot;Date: Wed, 22 Jun 2016 07:00:58 GMT[\r][\n]&quot;
00:00:58.725 [main] DEBUG org.apache.http.wire -  &gt;&gt; &quot;Content-Type: application/octet-stream[\r][\n]&quot;
00:00:58.725 [main] DEBUG org.apache.http.wire -  &gt;&gt; &quot;Connection: Keep-Alive[\r][\n]&quot;
00:00:58.725 [main] DEBUG org.apache.http.wire -  &gt;&gt; &quot;[\r][\n]&quot;
00:00:58.725 [main] DEBUG org.apache.http.headers - &gt;&gt; GET /data/dbname%3Drdd/tablename%3Dholidays/data/referencedefs.holidays.bcp.gz HTTP/1.1
00:00:58.725 [main] DEBUG org.apache.http.headers - &gt;&gt; Host: inrixprod-referencedata.s3.amazonaws.com
00:00:58.725 [main] DEBUG org.apache.http.headers - &gt;&gt; Authorization: AWS AKIAIFEYF3PYZ67CS5IA:Xgw2JiIqweCMOxBwAxUGR9Crt5c=
00:00:58.725 [main] DEBUG org.apache.http.headers - &gt;&gt; User-Agent: aws-sdk-java/1.10.49 Windows_10/10.0 Java_HotSpot(TM)_64-Bit_Server_VM/25.91-b15/1.8.0_91
00:00:58.725 [main] DEBUG org.apache.http.headers - &gt;&gt; Date: Wed, 22 Jun 2016 07:00:58 GMT
00:00:58.725 [main] DEBUG org.apache.http.headers - &gt;&gt; Content-Type: application/octet-stream
00:00:58.725 [main] DEBUG org.apache.http.headers - &gt;&gt; Connection: Keep-Alive
00:00:58.796 [main] DEBUG org.apache.http.wire -  &lt;&lt; &quot;HTTP/1.1 200 OK[\r][\n]&quot;
00:00:58.797 [main] DEBUG org.apache.http.wire -  &lt;&lt; &quot;x-amz-id-2: +Kc+Dzp2hRxq+A89yTB9v2U3nUYkjApdxKKaCKzTIzsEVohM8GvY5EAS6i3FcQhiXp1ydDU8Xwg=[\r][\n]&quot;
00:00:58.797 [main] DEBUG org.apache.http.wire -  &lt;&lt; &quot;x-amz-request-id: 50817FA7983D1429[\r][\n]&quot;
00:00:58.797 [main] DEBUG org.apache.http.wire -  &lt;&lt; &quot;Date: Wed, 22 Jun 2016 07:00:59 GMT[\r][\n]&quot;
00:00:58.797 [main] DEBUG org.apache.http.wire -  &lt;&lt; &quot;x-amz-version-id: Ok1VtDy2gum18gohmuT0ylt2EVKFp7eW[\r][\n]&quot;
00:00:58.797 [main] DEBUG org.apache.http.wire -  &lt;&lt; &quot;Last-Modified: Mon, 28 Dec 2015 22:54:24 GMT[\r][\n]&quot;
00:00:58.797 [main] DEBUG org.apache.http.wire -  &lt;&lt; &quot;ETag: &quot;57c36f5eeadb67f027d0e2cc506df32e&quot;[\r][\n]&quot;
00:00:58.797 [main] DEBUG org.apache.http.wire -  &lt;&lt; &quot;Accept-Ranges: bytes[\r][\n]&quot;
00:00:58.797 [main] DEBUG org.apache.http.wire -  &lt;&lt; &quot;Content-Type: binary/octet-stream[\r][\n]&quot;
00:00:58.797 [main] DEBUG org.apache.http.wire -  &lt;&lt; &quot;Content-Length: 18975[\r][\n]&quot;
00:00:58.797 [main] DEBUG org.apache.http.wire -  &lt;&lt; &quot;Server: AmazonS3[\r][\n]&quot;
00:00:58.798 [main] DEBUG org.apache.http.wire -  &lt;&lt; &quot;[\r][\n]&quot;
00:00:58.798 [main] DEBUG o.a.h.i.conn.DefaultClientConnection - Receiving response: HTTP/1.1 200 OK
00:00:58.798 [main] DEBUG org.apache.http.headers - &lt;&lt; HTTP/1.1 200 OK
00:00:58.798 [main] DEBUG org.apache.http.headers - &lt;&lt; x-amz-id-2: +Kc+Dzp2hRxq+A89yTB9v2U3nUYkjApdxKKaCKzTIzsEVohM8GvY5EAS6i3FcQhiXp1ydDU8Xwg=
00:00:58.798 [main] DEBUG org.apache.http.headers - &lt;&lt; x-amz-request-id: 50817FA7983D1429
00:00:58.798 [main] DEBUG org.apache.http.headers - &lt;&lt; Date: Wed, 22 Jun 2016 07:00:59 GMT
00:00:58.798 [main] DEBUG org.apache.http.headers - &lt;&lt; x-amz-version-id: Ok1VtDy2gum18gohmuT0ylt2EVKFp7eW
00:00:58.798 [main] DEBUG org.apache.http.headers - &lt;&lt; Last-Modified: Mon, 28 Dec 2015 22:54:24 GMT
00:00:58.798 [main] DEBUG org.apache.http.headers - &lt;&lt; ETag: &quot;57c36f5eeadb67f027d0e2cc506df32e&quot;
00:00:58.798 [main] DEBUG org.apache.http.headers - &lt;&lt; Accept-Ranges: bytes
00:00:58.798 [main] DEBUG org.apache.http.headers - &lt;&lt; Content-Type: binary/octet-stream
00:00:58.798 [main] DEBUG org.apache.http.headers - &lt;&lt; Content-Length: 18975
00:00:58.798 [main] DEBUG org.apache.http.headers - &lt;&lt; Server: AmazonS3
00:00:58.798 [main] DEBUG c.a.http.impl.client.SdkHttpClient - Connection can be kept alive for 60000 MILLISECONDS
00:00:58.799 [main] DEBUG com.amazonaws.requestId - x-amzn-RequestId: not available
00:00:58.799 [main] DEBUG com.amazonaws.request - Received successful response: 200, AWS Request ID: 50817FA7983D1429
00:00:58.799 [main] DEBUG com.amazonaws.requestId - AWS Request ID: 50817FA7983D1429
00:00:58.801 [main] DEBUG org.apache.http.wire -  &lt;&lt; &quot;[0x1f]&quot;
00:00:58.802 [main] DEBUG org.apache.http.wire -  &lt;&lt; &quot;[0x8b]&quot;
00:00:58.802 [main] DEBUG org.apache.http.wire -  &lt;&lt; &quot;[0x8]&quot;
00:00:58.802 [main] DEBUG org.apache.http.wire -  &lt;&lt; &quot;[0x8]&quot;
00:00:58.802 [main] DEBUG org.apache.http.wire -  &lt;&lt; &quot;[0xdc][0xec][0xf]W[0x2][0x0]&quot;
00:00:58.802 [main] DEBUG org.apache.http.wire -  &lt;&lt; &quot;r&quot;
00:00:58.802 [main] DEBUG org.apache.http.wire -  &lt;&lt; &quot;e&quot;
00:00:58.802 [main] DEBUG org.apache.http.wire -  &lt;&lt; &quot;f&quot;
00:00:58.802 [main] DEBUG org.apache.http.wire -  &lt;&lt; &quot;e&quot;
00:00:58.802 [main] DEBUG org.apache.http.wire -  &lt;&lt; &quot;r&quot;
00:00:58.802 [main] DEBUG org.apache.http.wire -  &lt;&lt; &quot;e&quot;
00:00:58.802 [main] DEBUG org.apache.http.wire -  &lt;&lt; &quot;n&quot;
00:00:58.802 [main] DEBUG org.apache.http.wire -  &lt;&lt; &quot;c&quot;
00:00:58.802 [main] DEBUG org.apache.http.wire -  &lt;&lt; &quot;e&quot;
00:00:58.802 [main] DEBUG org.apache.http.wire -  &lt;&lt; &quot;d&quot;
00:00:58.802 [main] DEBUG org.apache.http.wire -  &lt;&lt; &quot;e&quot;
00:00:58.803 [main] DEBUG org.apache.http.wire -  &lt;&lt; &quot;f&quot;
00:00:58.803 [main] DEBUG org.apache.http.wire -  &lt;&lt; &quot;s&quot;
00:00:58.803 [main] DEBUG org.apache.http.wire -  &lt;&lt; &quot;.&quot;
00:00:58.803 [main] DEBUG org.apache.http.wire -  &lt;&lt; &quot;p&quot;
00:00:58.803 [main] DEBUG org.apache.http.wire -  &lt;&lt; &quot;r&quot;
00:00:58.803 [main] DEBUG org.apache.http.wire -  &lt;&lt; &quot;o&quot;
00:00:58.803 [main] DEBUG org.apache.http.wire -  &lt;&lt; &quot;c&quot;
00:00:58.803 [main] DEBUG org.apache.http.wire -  &lt;&lt; &quot;e&quot;
00:00:58.803 [main] DEBUG org.apache.http.wire -  &lt;&lt; &quot;s&quot;
00:00:58.803 [main] DEBUG org.apache.http.wire -  &lt;&lt; &quot;s&quot;
00:00:58.803 [main] DEBUG org.apache.http.wire -  &lt;&lt; &quot;g&quot;
00:00:58.803 [main] DEBUG org.apache.http.wire -  &lt;&lt; &quot;r&quot;
00:00:58.803 [main] DEBUG org.apache.http.wire -  &lt;&lt; &quot;o&quot;
00:00:58.803 [main] DEBUG org.apache.http.wire -  &lt;&lt; &quot;u&quot;
00:00:58.803 [main] DEBUG org.apache.http.wire -  &lt;&lt; &quot;p&quot;
00:00:58.803 [main] DEBUG org.apache.http.wire -  &lt;&lt; &quot;.&quot;
00:00:58.803 [main] DEBUG org.apache.http.wire -  &lt;&lt; &quot;b&quot;
00:00:58.803 [main] DEBUG org.apache.http.wire -  &lt;&lt; &quot;c&quot;
00:00:58.803 [main] DEBUG org.apache.http.wire -  &lt;&lt; &quot;p&quot;
00:00:58.803 [main] DEBUG org.apache.http.wire -  &lt;&lt; &quot;[0x0]&quot;
00:00:58.812 [main] DEBUG org.apache.http.wire -  &lt;&lt; &quot;[0x1f]&quot;
00:00:58.812 [main] DEBUG org.apache.http.wire -  &lt;&lt; &quot;[0x8b]&quot;
00:00:58.812 [main] DEBUG org.apache.http.wire -  &lt;&lt; &quot;[0x8]&quot;
00:00:58.812 [main] DEBUG org.apache.http.wire -  &lt;&lt; &quot;[0x8]&quot;
00:00:58.812 [main] DEBUG org.apache.http.wire -  &lt;&lt; &quot;[0xbe][0x98][0x81]V[0x4][0x0]&quot;
00:00:58.812 [main] DEBUG org.apache.http.wire -  &lt;&lt; &quot;r&quot;
00:00:58.812 [main] DEBUG org.apache.http.wire -  &lt;&lt; &quot;e&quot;
00:00:58.812 [main] DEBUG org.apache.http.wire -  &lt;&lt; &quot;f&quot;
00:00:58.812 [main] DEBUG org.apache.http.wire -  &lt;&lt; &quot;e&quot;
00:00:58.812 [main] DEBUG org.apache.http.wire -  &lt;&lt; &quot;r&quot;
00:00:58.812 [main] DEBUG org.apache.http.wire -  &lt;&lt; &quot;e&quot;
00:00:58.812 [main] DEBUG org.apache.http.wire -  &lt;&lt; &quot;n&quot;
00:00:58.812 [main] DEBUG org.apache.http.wire -  &lt;&lt; &quot;c&quot;
00:00:58.812 [main] DEBUG org.apache.http.wire -  &lt;&lt; &quot;e&quot;
00:00:58.813 [main] DEBUG org.apache.http.wire -  &lt;&lt; &quot;d&quot;
00:00:58.813 [main] DEBUG org.apache.http.wire -  &lt;&lt; &quot;e&quot;
00:00:58.813 [main] DEBUG org.apache.http.wire -  &lt;&lt; &quot;f&quot;
00:00:58.813 [main] DEBUG org.apache.http.wire -  &lt;&lt; &quot;s&quot;
00:00:58.813 [main] DEBUG org.apache.http.wire -  &lt;&lt; &quot;.&quot;
00:00:58.813 [main] DEBUG org.apache.http.wire -  &lt;&lt; &quot;h&quot;
00:00:58.813 [main] DEBUG org.apache.http.wire -  &lt;&lt; &quot;o&quot;
00:00:58.813 [main] DEBUG org.apache.http.wire -  &lt;&lt; &quot;l&quot;
00:00:58.813 [main] DEBUG org.apache.http.wire -  &lt;&lt; &quot;i&quot;
00:00:58.813 [main] DEBUG org.apache.http.wire -  &lt;&lt; &quot;d&quot;
00:00:58.813 [main] DEBUG org.apache.http.wire -  &lt;&lt; &quot;a&quot;
00:00:58.813 [main] DEBUG org.apache.http.wire -  &lt;&lt; &quot;y&quot;
00:00:58.813 [main] DEBUG org.apache.http.wire -  &lt;&lt; &quot;s&quot;
00:00:58.813 [main] DEBUG org.apache.http.wire -  &lt;&lt; &quot;.&quot;
00:00:58.813 [main] DEBUG org.apache.http.wire -  &lt;&lt; &quot;b&quot;
00:00:58.813 [main] DEBUG org.apache.http.wire -  &lt;&lt; &quot;c&quot;
00:00:58.813 [main] DEBUG org.apache.http.wire -  &lt;&lt; &quot;p&quot;
00:00:58.813 [main] DEBUG org.apache.http.wire -  &lt;&lt; &quot;[0x0]&quot;
00:00:58.815 [main] DEBUG org.apache.http.wire -  &lt;&lt; &quot;[0xa5][0x9a][s[0x1a]7[0x14][0x80][0x9f][0xd5][0x99][0xfe][0x7][0x1e][0x93][0xe9][0xd0][0xb0]7.[0x8f][0xcb]%[0x86][0x1a][0xb0][0xcb][0xc5]N[0xf3][0xe2][0x91]A[0x6][0x99]E[0xa2][0xda]][0xbb][0xf8][0xb7][0xf7][0xa1]G{_X)[0x85]d2$[0xe3][0xd5]~[0x9c]st[0xae][0x92][\r][0xb4][0x9c][0xbb][0xb5]zm[0x80][0xfd][0xa0]v7[0xee][0xa3][0xba][0xf3]{[0x3][0x19][0xc8][0x80][0xf][0xf9][0x8][0xb9]{&quot;[0xe8][\n]&quot;
00:00:58.816 [main] DEBUG org.apache.http.wire -  &lt;&lt; &quot;[0x99][0x92][0xf7][0xa7][0xbf][0xb8][0xd8][0xd5][0xce][0xff][0xa0][0xa9][0xfb][0xeb]/f[0x2][0xea][0x11][0x16][0x8][0xec][0xc5][0xac]f5[0xab][0xb7][0x85][0xcf][\r][0xaf][0xa9]XV[0xc2][0x1a][0xb1]5[0xc5][0xc][0xc3][0xff][0xfa]~0[0xdf][0xd2][0x97] [0x13][0xcf]8A[0xc6]K[0xb3][0xf][0xdc][0xa3]~[0x11]iW!][0xb6][0xbe]{y[0xf1]I[0xcc][0xce][0xc4]5/d;[0x9]{[0xc2]C[0x16]`[0xca]P[0xbd]U[0xad]w[0x97]S[0x9f][0xc0][*[0xbd][0x9b]&apos;[0xa0][0xda]&apos;[0xc6]k[0xfd][0xf9][0xe2]sLl[0x9c][0x13][0xef][0xb7][0x9c]0[0xfa][0x8f][0x92][0xd8]J[0x88][0x8f][0xc4][0x7][0xfd][0xda][0xd5]b[0x8d][0xb9][0xff][0xe4][0xb2][\r][0xf1][0x88]_[0x9]i&apos;[0x10][0xd7][0xc3][0xfe][0xe][0xd7][0xf6] [0x99][0x87][0xd9][0x1a][0xd5];[0xd5]&lt;[0x97][0xad][0xb6]\[0xe0][\r]Q[0x8][0xd5]IxC[0xfc][0x8e])Eu[0xa3][0x91]*g[0xb7]#[0xd0]=^[0xd1][0x17][0xba][0xfa]2[0xe4][0x8c]{[0xa1][0x17][0xaa][0xb4][0x83]7R[0xc9]H[0x18][0xc0][0xde][0xf8][0x12][0xa6][0x10]j[0x8d]#[0xdf]U[0xb2]J[0x91][0xd0]0[0xae][0xe][0x4][0xc3],[0x81][0xcc][0xeb]AV[0x9]d][0xf][0xb2]K [0xfb]z[0x90]S[0x2]9[0xd7][0x83][0x9a]%P[0xf3]zP[0xab][0x4]j][0xf]j[0x9f][0xe4][0xaf][0x86]qu[0xfa]2:[0xa7],[0xf3]j[0x96][0xd9]8eY[0xd7][0xb3][0x8c]S[0x96]}=[0xcb]&lt;e9[0xd7][0xb3]RG[0xbf][0xf][0x89][0x8]xmFW[0x1c][0xd5][0xed][0xea][0x8c][0x17][0xaf]y[0x92]k[0xaa]a[0xa9][0xb3]?P[0xb1][0x81][0x14]:[0xf2]e[0xae][0xf2][0x95][0xbc]d[0x99]Z[0xb8][0xd4][0xe7]oB[0xbc][0x87][0xd7]3J)S[0xc9][0x87][0xba][0xec]b6Ssa[0x8f][0xbe]p[0xc1]([0xae]M[0xb9][0x8][0xb6]W&apos;e[0xb3]uN[0x9c][0xf3][0xf0]&apos;[0x88]F[0x3]|[0xed][0x16][0xc5][0xf9][0xd3]n [0x13][0xdd]tgh[0x10][\n]&quot;
00:00:58.816 [main] DEBUG org.apache.http.wire -  &lt;&lt; &quot;~ [0xf0]2[s[0xa6][0xd0]p[0xb0][0x4]y[0xe0][0xed][0x1e]T[0xc7][0xb5][0xac][0xad][0x10]m/P[0xc3][0xd6]q[0x99][0xb0]~w[0x80][0x8][0x9e]l[0xa1]&quot;
00:00:58.816 [main] DEBUG org.apache.http.wire -  &lt;&lt; &quot;[0x9e];[0xcd][0xe4][0x99][0x7]O[0xf0]-[0xf3][0xd5][0xae]o[0xe4]D7[0x0]V@W[0xd1]&gt;V[0xd1]n8[0xf7][0xc9]S[0x17][0x1f][0x95]43[0xa1]%[0xd9][0x82][0x8][0x96]d[0x8b]s[0xd8][0x84][0x83]S[0x13][0xec][0xa9]E[0xb3][0x12]X[0x1e][0x1][0x89][0xfb][0x9f][0xc3][0x1e])c[0xf4]@6j[0x98][0x9d][0xc0][0xce]{[0x88]s[0xda]`[0xbd][0x7][0xe1]8S[0xd3][0x9c][0x9c][0x96][0xb8]g[0xe2][0x12][0xe7][0xb0][0x7][0xcc]V&lt;|#B[0x9]k[0xe6][0xb0][0xb9][0xac][0xfe][0xc1]jK[0xde]1[0x8b][0x95]m[0x9c][0x13]g[0x4][0xa2][0x9]k[0x2][0xa1][0xd1]:W[0xb6]v$X[0xd4][0x85][0xf4][0x18][0xd0][0xbb][0x1a][0xdc][0x13][0xc4]O[0xd5]&gt;[0xeb][0x17][0xc1][0xf7][0xa6]$[0xd8][0x12][0x11][0xc7][0xba][0x11]i[0xeb]@?[0x81][0xa6][0xe3]~[0xea][0xc2][0xee]^n[0xfa][0x1a][0xef]U.l[0x81]l7D[0xec]1;[0xca][0xf6]5[0xc7]8[0xa8]?X[0xa6][0x98].|K[0x94]0[0xd4][0x98]6[0x9a][0xbf][0x93]5a9[0xa1][0x89][0xe6][0x8f][0x83][0x94]0[0xf][0xf8]j[0xb7][0xe5][0x9e]F[0x90][0xe][0x10]h[0xf0][0x11]+[0x94]c[0xc]0[0xde]0[0xe3]|[0xf][0xc1]2[[0x9d]$[0x90][0x3][0xdc][0xd0][0xf][0x4][0xc5]9[0xa3][0x85][0xdc][0xe5]&quot;E&lt;P[0xc2][0x18][0xd6]&quot;[0xc][0xd4]%[0xde][0x86][0x86][0xfb][0x1c][0xd1]F[0xdd][0xc1]8[0xb3][0x87][0x8]}[0x9f]x[0xbe][0x6]a[0xa2]q[0xf8][0xf][0xd9]?[0xf3]PlrJ[0x7][0x8d][0x97][0xdf]RJ[0xbe]@I[0xb1]P[0x9f][0xb0]=[0x16][0xbb][0x1c][0x1][0xfa][0xf5][0xa7][0xb7])[0xa3][0x7][0x1f]l[0xb]}&apos;S2l[0xf4]U[0x80][0xcf][0x93][0x1c][0x1][0xfa]}[0x9d][0xb9])[0xe2][0x1e][0x8b][0xa4][0xb7]W&quot;[0x1c]4[\n]&quot;
00:00:58.816 [main] DEBUG org.apache.http.wire -  &lt;&lt; &quot;[0xb0]w[0xcc][0x9][0xa0][0xde]h[0x91][0x11]f|OjzB[0x13]A[0xea][0xc7][0x5][0x4][0xe8]6[0xbd][0xcb]r[0xed][0x9d][0xef][0xf1][0x1f] Zh~[0x80][0xc0][0xc9][0x9][0xa0][0xd9]`~[0x9f][0x12]&amp;x-[0xe8]ZKh[0xa3][0xde][0x7][0x1][0xef][0x99][0x91]C[0xf8][0xec][0xd1]U[0x1][0x5][0x9][0xe4][0xfb] [0xb3][0x8]4[0xf2]![0xd1][0xa2]:[0xe8]k2[0x11][0x98])[0x3]t[0xfc]:[0x9a][0xa6][0x8c]![0xb8][0x7]e;[0xaa]f[0x98][0x8d]X[0xa1]Z=*[0xd8]~M[0xe6][0x8]p[[0x1f]5N4L[0xb][0xc1][0x97]h[0xc5]Q[0x83]4[0xd0]H[0x10])V[0xce]0[0xdb]h4[0xcb]&lt;[0xb7][0x1f]&gt;[0xff] [0x92][0xa1][0xcb][0x19][0x86]l[0x3][0xdf][0x93][0x9b][0x7][\n]&quot;
00:00:58.816 [main] DEBUG org.apache.http.wire -  &lt;&lt; &quot;[0xef]p[0x99][0xa9][0xd6][\r][0xd7][0xf8][0x0]&quot;
00:00:58.817 [main] DEBUG org.apache.http.wire -  &lt;&lt; &quot;[0x99]I[0xc3][0xb0][0xd0][0xdc][0xe3]o[0x84][0x15][0x83][0xd0][0x6]}[0x1f]2[0xc8][0xf8][0x15]$y[0x5]}[0xd4][0x10][0x1b]M[0xc8]?[0xd0][0xf3][0x9c][0xd7][0x1b][0xb]h[0x1d]4[0x19]|[0xcb]Re[0xbc][0xf2][0xa9]G[0x83][0xc8]&lt;[0xe7][0xe9][0xd2]t[0x12][0xda]y[0xc1][0xc9]q[0xc5][0xf6]m[0x1b]b[0xf8][0xb][0xef]W[0xe3][0x9a]9.[0xaf]8[\n]&quot;
00:00:58.817 [main] DEBUG org.apache.http.wire -  &lt;&lt; &quot;[0xda][0x1c][0xc3][0xd7]=[0x8d]|[0xfc]L[0xbc]jZ+[0xa7][0xcd]9[0x83]A2[0xad][0x9][0xe7][0xb0]!dk[0xee]S[0xcf][0xe3]*[0xd1][0xda][0xe8][0x9e][0x97]s[0xa8][0xe5][0xa0][0xfb][0xbb][0xcc][0x7][0x1e][0xb1][0xf0][0xf1][0xbb][0xd6][0x7]:[0xa8]+[0xf0][0x7][0xf5]j[0xcb]E[0xaf]V[0xb7][0xd3]N[0xb2][0x5]u[0xc1]D[0xdd]Y[0xa1]5[0xe5][0xb2]3} [0xde][0x96]WKc5J([0xb]Z#[0x5][\n]&quot;
00:00:58.817 [main] DEBUG org.apache.http.wire -  &lt;&lt; &quot;R.I[0xca][0x83][0x2]e[0x94][0xa5][0x92][0xc7][0x4]iot[0x8e][0xeb][0xe1][0xfd][0x81]?[0xdd][0x8]0[0x4][0xa9][0xc6][0x99]e[0xc9]b[0x9c]u[0x82][0xcb][0xf7][0x90]?[0xdd][0xe3]0[0xb3][0xfa]9[0xce]B.[0xf4][0x8b]B[0x14]\[0x1e][0xd2][0x84];[0xcd][0x8a]q[0xf2]Xcw[0xcb]F[0xd2][0xa0][0xe1][0x6]{[0xd2]M[0xc1]E[0xcb][0xb1]l5[0xd1][0xfd]l[0x91][0x85][0x10][0xf5][0x9f][0xb9]6[0x96]-[0xa7][0xc8]s?[0xb8] [0xf2][0xb8][0xa0][0x8c][0xcb][0xd3]K[0xbc]@[0x83]kFa[0x8d]w[0xc5][0xb0][0xb6]:[0x10][0xd6][0xb7]ye[0xc4][0x1][0x85]l[0xf6][0x86][0x95][0x10]([0xc6][0xde]3.[0xa5][0x6][0xc8][0xcc][0xee][0xb8][0x9b]2[0x16][0x14]6[0x8d]h[0xf5]j[0xcb][0x2][0x8d][0xa1][\n]&quot;
00:00:58.817 [main] DEBUG org.apache.http.wire -  &lt;&lt; &quot;[0xe7][0xe9][0xd7][0x84][0xfd][0x1a][0xcf][0xb2]j@[0x99][0xbf][0xab]i[0x19][0xe0][0xe3][0xdc][0x97]#[0x4][0x98][0xb8][0x6]Q[0xf5]A6[0xfc][\r][0x1a][0xb9]B[0xda][0x3][0x87][0x1b][\r][0xb3][0x16][0x6][0xb][0xfc]J[0xde][0xb8][0x1a]i[0x83][0xaf][0x87][0xde]F&amp;[0xf1][0x82]\[0xf0][0xc3][0x9b]Y[0x6][0xe1]/[0xf0][0x8d]:[0xb9]l[0x98][0x0][0x4][0x7]+[0x16][0x5]i[0xa2][0xe1][0xec]![0xeb][0x81][0xf0]F[0x90]g-[0xc3]D[0x3][0xd9]9[0x96][0xe4][0xb0][0xa0][0x96],2[0x1b]c[0xf][0xea][0x0][0xd3]1,t#[0x8]Y[0x91][0x2][0xc2]A7[0xb3]^[0xe6][0xce][0xd0]|2_+[0x86][0x8d][0xc6]8x+J[0x1]1&lt;~[0xc8][0x1b][0x7][0xba][0x1]ch[0x11][0xe][0x1a][0xd3][0x0][0x12]qA[0x97](+[0x8e][0x17][0xcb][0xbc][0xa1][0xf3][0x18][\r]}[0x1d][0x5][0xb2]5^[0x11][0x98][0xe6]J[0x9e][0xb][0x5][0xe6][0xb6][0x9f][0xed][0xcc][0x8e][0x1f]^[0x89]V[0x96][0x16]P[0xbc][0xa0]&quot;
00:00:58.817 [main] DEBUG org.apache.http.wire -  &lt;&lt; &quot;@[0x0][0x1b]M[0xc6][0x99]M[0xa3][0x87]zm[0xda]h[0xc2][0xbd]5+[0xea][0x2][0x8c]~j[0x11]Yx|[0xf0][0xc1]P[0xc3][0xe8] 9[0xaa][0x11]F6[0x82][0xe7][0x18][0x1b][0x94][0x99][0xe6][0x1d][0xc]_o[0xb8][0xcc][J[0xc][0xbc][0x2]m[0xdb][0x89]Y[hv[0xb7][0xcc][0xcb][0xfc]j[0x8b][0xe5][0x4][0xa2]f[0x18][0x8]J[m[0x2][0xe][0xcf]x[0xc1][0xae]0[0xb]L2[0x8f][0x87][0x15]O[0xf1][\n]&quot;
00:00:58.818 [main] DEBUG org.apache.http.wire -  &lt;&lt; &quot;%[0xc6]Ds&quot;[0x9e][0x8b][[0x3][0xdb]&gt;[0x9f]e[0x9]A6[0xe3][0x2][0xcb]4[0xae]DXh[0x11][0x8a][0x1d]9[0xe6][0xca][0x80]p[0x8b]e&amp;[0xc5][0xc8][0xf]0{[0xe]=[\r][0x2][0xe]Qv[0x2]Rn[0xc1][0xe1]![0x8e][0x96][0xb7][0x19][0xe3][0x96][0x92]7[0xbd][0xb7]:[0xe][0x9a][0xc1]d@qTR~3&quot;[0x85]`[0x12]jH[0xd8]l9G[0xee]KTL[0xe0][0xc][0x0]3F[0xfc][0xe7][0xb4][0xf7]?&apos;5K$[0x13][0x99]eR&amp;[0x13][0x86]0[0xa6]L[0x9a]G%S[0xab]D[0xb2][0x90]UM[0x9a]p[0xc5][0xdf][0xb5][0xda][0xb5]K$[0x1b][0xd9][0xa7][0xda][0xc1]3[0xc8],[0xfe]v[0x7][0xed][0x9a][0x96][0xd4])[0x91][0x1c][0xe4]T[0x91][0xfe]&quot;0{[0x13][0xf0][0x9c][0xcc]L[0xe7]$x[0xa5]Hj[0xa2]f[0x15][0xe9]nV[0xc][0xce]IF[0x89][0xd4]B[0xad]*[0xd2][0xad][0xc0]&gt;[0xe3]G[0xe8][0xa0]vj[0x92]Y&quot;[0xb5]Q[0xbb][0x8a]4[0x12][0xbb]0[0xf8]A[0x8d]jZ%R[0x7]u*[0xed][0x84][0xff][0x7][0xc9].{[0xa6][0x9c]#[0xab]X[0xf][0x1e]^[0xd3]7[0xe][0xc5]C[0xa3][0xdf][0x89][0x97][0xcb][0xab][0xa9]*[0xd6][0x1c][0xef][0xb6][0xd2]=[0xb5]r5[0xd1]h[0x95]O,[0x11][0x0]&lt;v4[0x1f][0xe7]m[0xc9][0x8c][0x1c]w[0xaf][0xf8][0x8d][0xee]T[0x8c][0x16][0xba][0xe5]&gt;+[0xa4] p[0xd5]o[0xb7][0xdf][0xfe][0xfe]h[0x96]][^[0x87][0x99][0x95][0xdb][0x8f][0xf7][0x90][0x14][0x83][0x9d][0xae][0x89]k5[0xf2]f[0xfe][0x91]D[0x87]n[0xb5].[0x17]k&quot;[0xb2][0x9][0xc1]8m[0xea][0x17][0xf4]5[0xac][0x9c][0x85][0xd2][0xee][0xb2]e[0x9c][\r]C[0x19][0xb4][0xa5][0x80][0xde][0xbd]B%[0xd9][0xe8][0xa0]f[0xe][0x1d][0xe0][0xb2][0xa4]M[0x5]t[0x82][0x3][0xbc][0xe7][0x82][0xfb]J[0xa8][0x95]C[0xff][0xc])[0xb][0xa4]^3[0xce][0xe1][0xe0][0xb1]z[0xa2][0x91]S[0xed]*[0xd4][0x1c]G[[0xed][0xf2][0xc][0x1]7[0xb][0xa6]b[0x86][0x98][0x82]dp[0x1c][0xa2]A[0x95]g[0x8]y[0x9d][0xa3]@[0xcd](&quot;
00:00:58.818 [main] DEBUG org.apache.http.wire -  &lt;&lt; &quot;[0xea][0xca][0x83][0x13][0xc5][0x9c]e[0xcb][0xc3][0xdf][0xad]&lt;[0xf8][0xfb][0xd4][0xe7]l[0xd3]%[0xf4]s[0x12][0xe8][0xf2]P[0x19][0xaa]Io8[0x8d][0x9d]f[0x88][0xa1][0xb8]1e[0xf6][0xe9]M%[0xcc]Ha[0xc3][0x10]kXs([0x1c][0x9b]-[0xa6]Z[0x96]Y`I[0xd9]~[\n]&quot;
00:00:58.818 [main] DEBUG org.apache.http.wire -  &lt;&lt; &quot;f[0x15]`[0xdf][0xb7]?K[0xb3][0xb][0xb4])f?[0xc5]rR[0xd6]7[0xaa]A[0xf5][0xa4][0xcc]C[0x89][0xd4][0xa1][0x9a]9Jc[0xfc][0xa5][0x8][0xf7]S[0xfd]F[0xca][0xfb]YF[0x3][0xb2][0xae][0xb9][0x2]?[0xd7][0x6]{[\n]&quot;
00:00:58.818 [main] DEBUG org.apache.http.wire -  &lt;&lt; &quot;[0x13][0x11]L]v[0x96][0xdd][0x1c][0xe4][0xce][0x6][0x11]P[0x9e][0xc6]`[0xaa][0xaf]K6[0xcc][0xf][0xd1][0x1d]G-[0xee][0x1d][0x90][0x99][0x81][0x9a][0xe8][0xbb][0xfb][0xf5][0xb7][0x14][0xb6][0x5] 0[0x3]&gt;[0xc0][0x90][0x87][0xda][0x19][0x5][0xc6][0xb7][0x9b][0xfb]X[0x9c][0xec][0xb1]F[0x1c][0x98]qnC[0xb8][0xc3][0xe][0x90][0x95]&quot;[0x9a][0xf0][0xa3][0xc7]E[0x8c][0x88][0x9f][0xe9]5[0x82]Wz[0xdc][0xe3]{[0xd9][0xf1][0xd5][0x9d][0x8c][0x2][0x11]p7.[0xfc][0xde][0xc0][0x86][0x7][0x9a]Cu[0x1b][0xbe]u[0xb0][\n]&quot;
00:00:58.818 [main] DEBUG org.apache.http.wire -  &lt;&lt; &quot;1[0x8c][0xd4]E[0x8][0xc]&gt;[0xbd]e[\n]&quot;
00:00:58.818 [main] DEBUG org.apache.http.wire -  &lt;&lt; &quot;[0x91]WTG[0xfc]wH=%[0xc4]H![0xb5]O7[0xd8][0xc3][0x7][0xb8][0xb3][0xf3]?C[0xf6]+[0x3][0xb3];[0xaf]l[0x8d][\n]&quot;
00:00:58.818 [main] DEBUG org.apache.http.wire -  &lt;&lt; &quot;[0x8]y[0xe4][0x1]Z[0xf3][0x8f][0x10]j[0x9a]&lt;[0x9b]p[0x12][0x8c][0x85][0x1e][0x6][0x85][0x83]}[0x18]%W[0xd8]W+[0xd7][0x6][0x93][0xc2]&gt;`[0xd4][0xc9][0x4][0xb1][0xd1][0xed][0xdd],[0xd9]&apos;[0xc2]C[0xef][0x7]n[0xd3]i[0xa0][0xb4][0xf8]D[0xc7][0xe1]P[0x88]q[0xb2][0xeb][0x0][0x87]~[0xd9][0x85][0x9a][0x96]=[0xf9]rO[0xe0]bNC3[0x12]&apos;[0xcc]Y[0x1d]y[0xc3]U[0xc9]r[0xd7][0xa0]&lt;][0x13][0x15][0xcb]D[0xd1]5[0xa0][0x14]mA[0x84][0xa0][0x1][0x17]G[0x89]S[0x88][0xd6][0xc7][0xe2][0x9d]2[0xb5]h0[0xd7][0xe2][0x13]E[0xa3][0xe6]F![0xdd][0xfc][0xb8]f[0xe4][0xa8][0xc6][0xd9][0xe8][0xcf][0x90][0xc0]`[0x1b][0x9f][0xa0]5[0x94][0x16][0xeb][0xc2][0xa9]9[0x1c]c([0xb4]t[0xa2][0xeb][0x99][0xf7][0xda]w[0x82]cP&lt;S[0x98][0x6][0xec]$[0x9c][0x85][0x1f]g.[0xe5][0x86][0xab][0x9d]\[0xa2][0x92][0xc8][0x81]W[0xe6]8\[0xd3]([0xa1][0x80]ny[0xdc][0xc1][0x90][0xe4].c[0x97][0x98][0xd1]#^[0xc7][0x1b][0xa8][0x4]A&amp;Y@N[0x8d][0xe4]ie[0x90][0x16]Z[0xc][0xdd][0x18][0xd2][0x85][0xa4][0xbb][0xe3];-[0xc4][0x2][0x8][0xa6]p[0x1d][0x96][0xa7][0x10]h[0x9e][0x16][0x8f]&quot;
00:00:58.886 [main] DEBUG org.apache.http.wire -  &lt;&lt; &quot;I[0x8a][0x84]g[0x7]B[0xf5]r@[\n]&quot;
00:00:58.886 [main] DEBUG org.apache.http.wire -  &lt;&lt; &quot;[0x19][0xc9][0x9b]U[0x2]/[0xa4][0x1d]RA[0xa0][0xe][0x1a][0xf5][0x13][0xda][0x1f]x[0x87]E[0x80][0xf5]4#[0xa7]e[0xe7][0xc4][0xed]*[0xda][0x4]h[0xbe][0x8f][0x85][0x96]f[0xe6][0xb4][0xec][0xca][0xb4]S-[0xdb][0x11][0x1f]B[0x81][0xb5]4+[0xbb]\[0xfb]4_m[0xe1][0x16][0xfa][0x9d]n[0xea]C[0xee][0x1][0x97][0xb2][0xcf][0x85][0xb][0xaa][0xc6]E[0xd7]m[0x8e]m[0xe7][0xe0]![0xde][0xcb][0xa4]_[0xa4][0x19][0x17][0xd2][0x9c][0x9c]6[0xa5]p[0x8b][0x7][0xe7][0xc3][0xab][0xad]OJ[0x12][0x9a][0x17]2[0x9b]9[0xb3]+[0xc8][0xbe][0xc][0xb3].[0x84][0xb5][\n]&quot;
00:00:58.887 [main] DEBUG org.apache.http.wire -  &lt;&lt; &quot;[0x2]B[0x83]*[0xb6]`[0xbe][0xba]t[0x9d][0x17][0xec][0x95][0xc9][0xf6][0x85][0xe4]v[0xc1][0x90][0xc4]?[0xd1][0xf9][0xb2]KP[0xc7][0xee][0xe4][0xb0][0x99][0x14]Q[0x86]Z[0xfd][0x1e]d[0xfc](R[0x9b][0x97]Q[0xe1][0x95][0xdc][0x92]0[0xc5][0x80][0xe2][0xff][0x8a] [0x80][0xab]CR[0xde][0xf5][0xd6][0x85]\[0xa3][0xc8]=[0x12]QR[0xbd]}![0xcc],x:[0xc6][0xd1][0x1d]n[0x11][0xd7][0xb9][0x10]W[0x8][0x9c]xu[0x1][0xd6][0xbe]0X[0x1c][0xbb][0x0][0x8b][0xee][0x3][0xd8]I[0xc0][0xb4]/[0xc][0x18][0xa7][0x10]0[0x13][0x2][0xf9];&amp;[0xd6][0x1f][0xb8]8[0xf0][0xfd][0xbe]l[0xca][0xf6][0x85][0x91][0xe3]4[0xb][0xa6]&lt;[0x8b][0xc3][0xf6][0x85][0xa1][0xe3][0xb4][0xce]hu[0x97][0xc1]\[0x1e][0x14][0xa1][0x17]F[0x8d]S[0x88][0x9a][0xc5][0xf6]_[0x1]}cY[0xc8][0xb][0x3][0x7][0x9a][0xd0]1[0xf1]y[0xb0][0xe5]y{[0xdb]n[0xa2][0xf1][0xfc].mo&apos;[0xd8]&apos;&quot;[0xd4]0[0xfe][0x3][0x15]AeN[0xd5]+[0x0][0x0]&quot;
00:00:58.887 [main] DEBUG o.a.h.i.c.PoolingClientConnectionManager - Connection [id: 0][route: {s}-&gt;https://inrixprod-referencedata.s3.amazonaws.com:443] can be kept alive for 60000 MILLISECONDS
00:00:58.888 [main] DEBUG o.a.h.i.c.PoolingClientConnectionManager - Connection released: [id: 0][route: {s}-&gt;https://inrixprod-referencedata.s3.amazonaws.com:443][total kept alive: 1; route allocated: 2 of 50; total allocated: 2 of 50]
00:00:58.909 [main] DEBUG org.apache.http.wire -  &lt;&lt; &quot;[0x84][0x9d][[0x92][0xec]4[0x10][0x5][0xbf]![0x82]=[0xb0][0x1][0x88][0xb6][0x9e]6[0xfb]_[0x18][0xb6][0x85]U[0xc3][0x95]3;[0xa2][0xff]rJ*[0x9d]#[0xab][0xe4][0xe7]|~K[0xbf][0xa5][0xcf]V[0xff][0xfa][0xa4][0xbf][0xb6][0xf6][0xe7][0xe7][0xf3][0xcf][0xfd][0xfb][0xfb][0xf3][0xf9][0xfc][0xf1][0xfb][0xff]`7[0xb8][0x1b]&lt;[0x4][0xa6][0xf][0xc2][0xfc]WV[0xb8]!,}[0x14]v[0x83][0xbb][0xc1]C[0xe0][0xc6][0xd9][0xd6][0xbf]R3[0xd8][\r][0xee][0x6]9[0xa1][0xfe]WJ[0x6][0xb3][0xc1]b[0xb0][0x1b][0xdc][0x19]j[0xb6]fv7[0xb3][0xf7]s2[0x18],[0x6][0xab][0xc1]f[0xb0][0xb][0xdc]&gt;[0x6]7[0x83][0xc9]`6X[0xc]j[0xb6][0xbb][0xc1]C`[0xfa][0x18][0xdc][0xc][0x16][0x83][0xd5][0xa0][0xb8]bS[0xf3]8[0xd7][0x4][0x83]([0xfc][0xf6]9[0xfb]4[0xd8][\r][0xee][0x6][0xf][0x86]r8l[0x9][0x9b]m[0xf7]z[[\r]6[0x83][0xdd][0xa0][0xf6]y [0xcc]8[0xce]6[0xd6]x[0x83][0x1b][0xc0]{1VX[0xc]V[0x83][0xcd]`7[0xc8][\n]&quot;
00:00:58.909 [main] DEBUG org.apache.http.wire -  &lt;&lt; &quot;U[0x1b][0xca][0xf9]S[0x98][0xc]f[0x84][0xfd]&lt;[0x90][0xc]6[0x83][0xdd][0xe0][0xce][0xd0][0xcc][0xde][0xcf]q[0x1a]L[0x6][0xb3][0xc1]b[0xb0][0x1a][0xdc][\r][0xda]P[0xb6][0x8f][0xc1][0xcd]`2X[\r]6[0x83][0xdd][0xe0]n[0xd0][0xc6][0x99][0x92][0xc1]l[0xb0][0x18][0xb4]qf[0xd1][0x96][0xf][0xa4]{[0x19]WHC[0xb9][0x17][0xe3]b[0xb0][0x1a]l[0x6][0xbb][0xc1][0x1d][0xe1][0xcb][0x92][0xba][0xfd][0xb6]]0[0x9d][0x83]&lt;[0x0][0xc7][0x8e][0x11]a[0x8e][0x95][0x15][0xde][\n]&quot;
00:00:58.909 [main] DEBUG org.apache.http.wire -  &lt;&lt; &quot;e[0x82][0xdb]v[0xce][0x4][0x83][0x1c][0x99]Nm[\r][0xd6]w[0x98]m[0x9c]yl[0x9b][0x1][0xda]8[0xf3][0x98][0x9][0x0][0xef][0xa1][0xec][0x6][0xf][0x80]6[0xce]l[0xe3],6[0xce]2[0xce][0x1d][0x0][0xda]8[0xaf][0x93][0x15]n[0xf6][0x1e]J7[0xb8][0x3][0xb4]q[0x16][0x1b]g[0xb5]q^&apos;3[0x1c][0xc9][0xe3]|vo[0x1d] [0x8f][0xf3][0xd9]I%[0x83][0x95]!*[0xd4]l[0x9c][0xed][0xde][\n]&quot;
00:00:58.909 [main] DEBUG org.apache.http.wire -  &lt;&lt; &quot;|[0x0][0xd2]8c[0x5][0xab][0x0][0xef]q[0x12][0x1c][0xe3]d[0xe8][0x91][0xeb][0xec][0xbb][0x16][0xa9][0xb9][0xe][0x1][0x1c];)[0x83][0x7][0xc2]zr[0x84][0xed][0xb][0xac][0x0][0xc7][0xbc]5[0xa8][0x91][0xaf]C[0x99][0x8b][0x14][0xc0][0xb1][0xf9]EX,[0xb2][0x9e][0xc1][0x0]-[0xdb][0xc][0xd9]f[0xb3],[0xff][0xb0][0xcc][0xe0][0x1][0xf0]&gt;x[0xa9][0xd9]{R+L[0x4][0xa3]&quot;[0xad][0xf0][0xaa][0x9f][0x9f][0x1d][0xe1]v[0xfe]V[0xf8][0xc3]l[0x83][0xcd]`_[0xe1][0x8f][0x99]`0[0x19][0xcc][0x6][0xcb][\n]&quot;
00:00:58.909 [main] DEBUG org.apache.http.wire -  &lt;&lt; &quot;m[0x82]e&quot;
00:00:58.910 [main] DEBUG org.apache.http.wire -  &lt;&lt; &quot;[0x9b]`9[0xea][0xe7][0x7]a[0xb7][0xc8][0x83][0x87]r[0xb9][0xb2]Q[0xb6][0xe4]J[0xcc][[0x8a]$[0xcb][0xbe][0xce][0xf8][0x8c][0x96]E[0xe5]5[0x98][0xc]f[0x84]g![0xdc][0x5]&amp;[0xee][0xf3],-[0x7][0xc2]n[0xd9][0x1e][0xc]oW([t%[0xaa][0xbd][0xc1]j[0xb0][0x19]|[0x1b]g[0xec][0x13][0xc]&amp;[0x83][0x15]a9-3[0xd8][0x10]V[0xf4][0xb3][0xa2]+[0xb1]7[0x1]x[0xbb]BC1W*[0xba][0x12][0x1b][0x17][0x83]4Nt%v5[0x6]+[0xc0]{[0x91]R[0xb8][0x3][0xbc][0x17][0xa9][0x8c][0xb0][B[0x7]&apos;t[0xb][0xff][0x1]h[0xc2]7[0x14]&gt;vR[0x6][0x9b][0xc1]u[0x9a][0x94][0x13]F[0xcd]^[0xe1][0xac][0xd9][0x6]w[0x81][0xf9][0x3]p[0xcc]x[0x86][0x9c][0xed][0x10][0xc1]`c[0xf8][0xa5]YH([0xb3]B[0xb3]D[\n]&quot;
00:00:58.910 [main] DEBUG org.apache.http.wire -  &lt;&lt; &quot;[0xcc][0x14]i[\n]&quot;
00:00:58.910 [main] DEBUG org.apache.http.wire -  &lt;&lt; &quot;[0xe5][![0x85][0xd4][0xe7]=[0x94]l[0xb0][0x18][0xac][0x6][0x1b]@[0xd3][0xb6][0xb0]|[0xb3][0x96][0x9]L[0x1f][0x86][0xdc][0xe7]8[\r]Bx[0x1e][0xbf][0xd4]&apos;[0xca][0x17][0xe5][0xca]`5[0xd8][0xc][0x82][0x9f][0x15][0xe5][0x8b][0xa2]c[0xb0][0x2]$[0xf9][0xa2]&quot;U[0x86](B[0x1d][0xf2]1[0xfc][0x12]I}[0xda][0xf1]YM[0xbe][0x86][0xf2]E[0xe9]0[0xd8][0x11][0x16][0x83][0x15]W[0xcd]f[0xda]6[0x94]/[0xaa][0x83]Am[0x96][0x12][0x82][0x83][0xb7][0x9e][0xf0]Y[0xe3][0x1][0xde]C[0xe9][0x6])[0xf2][0xc9]v[0x85]s[0xd5][0x4][0xc8][0x91][0xbc][0xd4][0xd4]_W[0x93][0x15]Z[0xb3][0x15][0x9b][0x8d]C[0x10][0xa0]5[0xdb][0xa8]Y[0x9b][0x9a][0xd5][0xcc]n[0xbf]Z[0xb6]B[0x8d][0x84]i[0xd2]~ue[0x85][0xd6]l[0xa6]f[0xcd][0xb2][0xf6][0xab]e+[0xb4]&gt;[0x8b][0xf5]Y[0xb1][0xcf]X5[0x1]Z[0x9f][0xd5][0xfa]l[0xd4][0xa7]-5[0xed][0xab][0xd9]tdw[0x9b][0x9][0xdd]fB[0xff][0xd5][0xec][0x15]R[0xa4][0xf9][0xd9][0xf5]s[0x85][0xd6]l[0xc5]f[0xc3]2[0x80][0xd6]l[0xa3]f[0xcd][0x95]n[0xae][0xec][0x8b][0xf0]+[0x8c]3[0x80][0x15]b[0xb3][0xe1][\n]&quot;
00:00:58.910 [main] DEBUG org.apache.http.wire -  &lt;&lt; &quot;@k6S[0xb3]f[0xd9][0xfe][0xab]e+[0xb4]&gt;[0x8b][0xf5]Y[0xb1][0xcf][0xf0][0x13][0xa0][0xf5]Y[0xb1][0xcf][0xf0][0x13] 5kf[0x1f][0xbf][0x9a][0xbd]B[0x8c][0xc]?[0x1]bd[0xb8][0x2][0x90]&quot;C[[0x82][0x14]i[0xf2][0x1d]z[0x99][0xff][0xb3]H[0xb4]R[0x8e][\r][0x91][0x88]J[0xac][0xdc][0xfa][0xfa],&quot;[0xae]T[[0xae][0xdc]r[0x88]LT[n[0xdc]r[0x98]@[0x94]Z[0xde]~[0xb8][0xa0][0xf4]x[0xa3][0xb1][0xd5]3[0x9a][0xa4][0xe5]&gt;/[0xda][0xae]t&lt;&quot;
00:00:58.934 [main] DEBUG org.apache.http.wire -  &lt;&lt; &quot;[0x95][0x80]t[0xbb][0xd4]0[0xba]!e5b^[0x11][0xbd][0xd5][0x10]ZI[0xab]y[0xed][0x9b][0xa8][0xaa][0x91]U[0x8d][0xac]jdTC[0x8f][0x14][0xbf]I[0xbc][0xfd]8R[0x94]b[0xec]x[0x8c][0x94][0xe9]9[0xa5][0x91][0xaa]VE[0xb5]*[0xa8]UT.[0xa4][0xac]U[0xec][0xf8][0x99]V[0xe8]7[0xce][0xac][0x85]J[0xbf][0xf7]x[0x9d][0xee]DQ[0x8d][0xa8][0xa9]HQ[0x8d]gE[0x12][0xca]j[0xc4][0x89][0xb2][0xd1][\r][0xe9]PC[0xe9]AT[0xd5]h[0xa8][0x86][0xae][0xb1]?n=[0xef]D%v[0xae]HD1V[0x8f][0xdf][0xb4][0x1c][0xbf]+[0xd5][0x96]+[0xb6][0x1c][0xc7][0x2][0xc6]j[0xcb][\r][[0xd6]J[0x97][0xd4][0x85][0xbc][0xb8][0xb0]R[0x8e][\r][0x17][0x88]b[0xac][0xba][0x90][0x17][0x17]V[0x8a]-[0xab][0xb]?n/a[0xac][0xb6][0xdc][0xb0]eu![0xab][0xb]eqa[0xa5][0xe3][0x18]Dz?nAT[0xfa]}[0xae][0xd7]w[0xa6][0xe1][0xef]J[0xb1]e[0xf5]w[0xbd]\[0xbd]RlY[0xfd]][0xaf][0xe4][0xae]T[n[0xd8][0xb2][0xfa][[0xd4][0xdf][0xf5][0xda][0xe0]J96\ [0x8a][0xb1][0xea][0xc2]z[0x99]o[0xa5][0xd8][0xb2][0xba][0xf0][0xe3]J[0x1f][0xc6]j[0xcb][\r][V[0x17][0xaa][0xba][0xb0]^[0xee][)[0xc7][0x86][0xb]D1V]X[0xaf][0xdc][0xad][0x14][V[0x17][0xd6][0xeb]s+[0xd5][0x96][0x1b][0xb6][0xac].4ua[0xbd][0xd4][0xb6]R[0x8e][\r][0x17][0x88]b[0xac][0xba][0xb0]^o[)[0xb6][0xac].[0xac][0x97][0xdc]V[0xaa]-7lY][0xe8][0xea][0xc2][0xb8]z6ZV[0xda][0x98][0x9e]R[0x17][0xa1][0xaf][0xcf]8[0xea][0xf5][0xbe][0xa0]g[0xcb]J[0xab]R[0xc9][0xb9][0xea]x[0xe3][0x8c]`[0xa5][0xf7]S[\n]&quot;
00:00:58.934 [main] DEBUG org.apache.http.wire -  &lt;&lt; &quot;[0x87][0xd1][0x84][0xfd][0x8e]&apos;x[0x95]b[0xcb][0xe2][0xe0][0xbc][0xd7][0xae][0xb4][0x11]U[0x7]3;[0x18][0xc7] [0xd3][0x98][0xed]+[0x1d].(-BuD;[0xcd][0xab][0xe7]a8[0xcc]J[0xfc][0x9d][0xf][0xa2]+[0xc5]Xv0V$[0xa5][0x9d][0xa8]:X[0xd0][0xc1]g[0xad][0x83][0xf1][0xc6]J[0xa8]Tr[0xae]:[0xa2]NJ[0x8e]G[0xe3][0xce]p[0xa1][0x92][0xf3][0xf0]H)[0xc6][0xb2]G[0xb1][0xb6]+[0xed]D[0xd5][0xa3][0xca][0x1e]E[0xd5]P[0xda][0x98]^CV[0x9a][0x94]f[0xa6]U[0xd4][0xc0]Ut&gt;[0x81][0x97]P[\r][0xf5][0xb7][0xe][0x95]b,[0xfb][0x1b][0x15]Vi&apos;[0xaa][0xfe][0xb6][0xe1][0xaf]Rk[0x99][0xc7][0xdb][0xc6][0xe3]PD[0x87]GJ1+u[0xa1][\r][0x17][0x94]b,[0xb9]0[0xee]&quot;
00:00:58.969 [main] DEBUG org.apache.http.wire -  &lt;&lt; &quot;[0xfd][0xc][0x17][0x94]6[0xa6][0xe1][0xc2]J[0xc7][0x91][0xa2][0xb4]+[0xdd][0x95][0x1e]L+[0x8d]h[0xde]#0[0x9a][0xa4][0xdf]6[0x8e][0xa3][0x95][0xce]{[0x4]L[0xf][0x1a][0xd1][0xbc][0xce][0xa0][0x94][0xfb][0xbd][0xbb][0x16]*9[0xfb][0xdc][0x18][0xf7][0xed][0x8d][0xe6][0xf7][0x9c][0x9f]][0x90][0xd3]FT[0xe6][0xd5]|[0x98][0xd1]h[0xfe][0x8][0xd5][0x9c][0x8b][0xe6]\[0xbf][0xd1][0xc3]h[0xc2][0xac]d^[0xcd][0xbb]-De^[0xcd]{1J[0xb1]_[0x99]W[0xf3]!M[0xa5]U)[0xba]/[0xf3][0xea][0xd9][0x9b]9mDe^[0xcd][0xa7]&lt;[0x95][0xbe][0xfb];wnJ1[0xe7]{[0xe6][0x18][0xa5][0xd9][0xfe][0xdc][0x99]R[0x9a]p[0xbc]:[0xaf][0x8a][0xcc][0xab]y[0xdf]J)[0xf6]+[0xf3]j&gt;[0xbd][0xaa][0xb4]*E[0xf7]q^[0xc5]~[0xd2]i#*[0xf3]j[0xde][0x89]S[0xea][0xb1]U[0xa8]fu[0xa5]-Tr[0xbe]g[0x1d][0xf6][0x8b][0xf3]*[0xf6][0xa2][0x18][0xcb][0xf3]*[0xee][0x0]*[0xc5]~y^[0xc5]c[0xbd]J[0xab]Rl[0x19][0xe7]U[0xec]c[0x9d]6[0xa2]&lt;[0xaf][0xe2][0x9e][0xa6][0xd2][0xa6][0xb4][0xb][0x85][0xf1][0xc6].Wi5[0xba]aV&lt;[0xaf][0xe2]^*Q[0x9e]Wq/U)[0xf6][0xab][0xf3][0xaa][0xe1][0xbc][0xfa][0xbe][0xf7][0xbe][0xa8]x[0xf4]&gt;[0xaf]Nt[0xfe][0xfe][0xdb][0x99][0xb][0xcd][0xe7][0x8f][0xe8]][0xcb][0x9c][0x16][0xa5]Ui#:f[0x8e]R[0x8d]M[0x92][0xd5][0xa1][0xb1]G[0x9c][0xf][0xae]t3%[0x87][0xbf]JQ[\r]q[0xf0][0xd9][0x3]#[0x15][0x7][0xe7]^T[0xe8][0xb7][0xd8][0xa2][0xb4]*mF[0x93][0xb4]|H[0xac]z[0x94][0xc5][0xa3][0xb9][0x17]U[0x8a]#[0x12][0x8f][0x9e][0xfd]$R[0xf1]h[0xee]&apos;[0x95][0x1e]F[0xd3][0x87]i[0x95][0xac]T[0xe7][0xa2]:[0x17][0xd1]y[0xee][0xcd][0x94]V[0xa2][0xa2][0xf3][0xb3][0xbf]B*:?[0xd7][0xcd]&gt;J7[0xa5][0x89]i[0x95][0xac]T[0xe7][0xaa]:W[0xd6]9[0xf6]*J+Q[0xd4]9[0xf6][0x1b]HQ[0xe7]x[0x9b][0xe8]0[0x9a]?L[0xab][0xf4][0xab]J6U[0xb2][0xb1][0x92]Q[0x9d][0x89][0xa2][0x92]Z[0xcf][0xdf]S[0x9d]6[0xa5][0xdd][0xe8]V[0x8d]&amp;[0x89][0xcd][0x92][0xd5]8_P[0xda][0x95][0xee]J[0xf][0xa6]U[0xb3][0xda]m[0xbc][0x9b][0xe9]L[0xe][0x9e][0xbf]Ya[0x95]6[0xa5][0xdd][0xe8][0xa6][0xfd]&amp;[0x8c][0x15][0x8f][0xe6][0xd5]-[0xa3][0xf9][0xa3]TZ.[0xda]oU[0xba][0xdb]x7[0xd3]Y&lt;[0x9a][0x15]Vi7[0xba][0x15][0xa3][0x9]c[0xc5][0x85]Y[0xbb][0x95][0xbe]z[0x14]&quot;
00:00:58.970 [main] DEBUG org.apache.http.wire -  &lt;&lt; &quot;[0xb5][[0xa9][0xf4][%+v!j7Qv![0xea][0xaf][0xd2]NT][0xa8][0xea]B[0x15][0x17][0xe6][0x95][0x13][0xa5]EiU[0xda][0x98]V[0xc9][0x8a]][0x88][0xca]N[0x94]][0x88][0xea][0xac][0xb4][0x13]U[0x17][0x9a][0xba][0xd0][0xd8][0x85][0xb8][0xce][0xa0][0xb4])[0xed]Jw[0xa6]U[0xb2]R[0x17][0x1a][0xba][0xa0]u[0xff][0xe7]&apos;[0xbd][0x94]v[0xa6][0xd7]Rit{[0xef]w[0x9e][0x95]+-B[0xbf][0xb5][0xdc][0x88][0xe][0x9d][0x95][0x1e]L[0xfb]9([0xa2][0xb7][0xb][0x89][0xa8][0xb8]0k[0xb7][0xd2]NT][0xc8][0xe2][0xc2][0xac][0x83]J[0xb3][0xd2][0xa2][0xd4][0xfb]mJ[0xf][0xa6]][0xb2][0x12][0x17][0xa4]:[0xff]|b_i&apos;[0xaa].[0x14]qa[0xd6]_[0xa5][0xef]jH[0xfd]M?*[0xac]RlYu.[0xa8][0xb3][0xd6][0xdf][0x9f][0xef]/([0xed]DU[0xe7][0xca]:[0xc7][0xb9][0xb3][0xd2]MiR[0xfa][0xaa]UTX[0xa5][0x7]Qu[0xa1][0xa2][0xb]Z[0xbe][0xeb][0xa1][0xb4][0x13]U[0x17][0x1a][0xba][0xa0]g[0xd6]I[0xcf][0xac][0xd3][0x8f]*[0xa9]4)[0xc5]~U[0xe7][0x86]:k[0x85][0x1d][0xef][0xb6][0xc][0x9d][0x99][0xc6]9[0xfb]J[0xc7]x[0x8d][0xa6]N[0xf4][0xbe][0xbf][0x90][0x85]j[0xbf][0xfb][0xeb][0xaa][0xf2][0xf3]m[0x1d][0xa5][0xed][0x95][0xce]JGT[0xd5][0xc8][0xa2][0xc6][0xfc][0x4][0x13][0xd1][0xa1][0x86]P[0xe9]W[0xd4][0x98]5[0x85][0xa8][0xa8]1+[0xe]QU[0xa3][0x88][0x1a][0xf3][0x8b]JFS[0x16]*[0xfd][0xb2][0x1a][0xb1][0xf2][0x13]e5[0xa2].[0x10]e5b[0x8d][0x15]*[0xb1]C[\r][0xa1][0x12][0xcb]j[0xc4][\n]&quot;
00:00:58.971 [main] DEBUG org.apache.http.wire -  &lt;&lt; &quot;L[0x94][0xd5][0x88][0xf5][0x99][0xa8][0xaa][0xd1]X[0x8d][0xf8][0xde][0x11][0xd1][0xa1][0x86]P[0xe9][0x17][0xd5][0xf8][0xbe]N[0xe2][0x97][0x87][0xc7][0xfb]eC[\r][0xa6][0xd7][0x81][0xc6][0xf4][0x9a][0xb4]L[0xaf]&quot;k4I[0xec][0x99]6fu[0xab]!-[0x1f][0xaf][0xbb][0x91][0xf5]}[0xba][0x95][0xaa]VY[0xb4]z[0xce][0x8][0x94]f[0xa1][0xd7][0xe1] [0xf4]}[0xbc][0xcf][0x1a][0xfb]&gt;[0xde]Xc[0xa5][0xe5]CbQ+][0x81][0xed][0xfd][0xc1][0xa0][0xf9][0xbd]_[0xdd]{[0x17][[0x9f][0x83]JV[0xa8]U[0xac][0xc0][0x95][0xe9]![0xb1][0xa8][0x95][0xae][0xcf][0xf6]Fd[0xd0][0xcb]&amp;[0xa6][0xd7][0x90][0x89][0xa2]Vs[0x8d][0xcd]Hy[0xbc][0xb1][0x2][0x13][0xd5][0xf1]6[0x1e]o&lt;[0xaf]&quot;[0x94][0x8f][0x85][0x86][0xe3][0x8d]U[0xf4] [0xaa][0xe3]m8^]c[0xc7][0xfb][0xa1]c[0xbc]J1v^7[[0xe9][0xbc][0x9e][0xa3]Tb[0xab]f[0xb5]K[0xec][0xf8]&quot;
00:00:58.990 [main] DEBUG org.apache.http.wire -  &lt;&lt; &quot;[0x97][0x1b]L[0x93][0xe4],Z[0xcd]5V)[0xc6][0x8a]Vs[0x97][0xab][0xb4]([0xc5][0x96]U[0xab][0xac]Ze[0xd4]J[0xd7][0xd8][0x9f]o[0x7]+[0xc5]X[0xd1]J[0xae][0x8d][0xd8]{[0xc7]A[0xab]d[0xa5]Z[0x15][0xd5][0xaa][0xa0]V[0xba][0xc6][0xfe]|[0xdf]Y)[0xc6][0xb2]Vq}CibZ%+[0xd5][0xaa][0xaa]V[0x15][0xb5][0xd2][0xf5][0xf9][0xe7][0x1b][0xdc]J1[0x96][0xb5][0x8a][0xab][0x10]L[0xab][0xf4][0xab]j4U[0xa3][0xa1][0x1a][0xba]z[0x8f][0xf7][0xca][0x87][0x1a]J%[0xb6]|[0xa3]][0xe9][0xae][0xf4]`Z5[0xe7][0xeb][0xb2][0x8c][0xd1][0x94][0x94]V[0xa2][0xf7][[0x9c][0xef]t[0xfe][0xa3][0x9][0xa6][0xaa][0xf3][0xf9][0xe3]~[0xc5][0xc1]YS[0x94][0xbe][0xc7][0xce];[0xe9]F[0xf3]G[0xa9][0xf4][4[0xab][0xea]T[0xfa]U[0x7][0xb3]:[0x98][0xd5][0xc1]&lt;[0x1c]dj:[0xa3][0x83]Z[0xe9]~~[0x81]A[0xe9]{[0xec][0xbc][0xb][0xa0][0xf4][0xd5][0xdf][0xa8]tJ%[0xab][0xaa]97[0xe9]W[0x1d],[0xea]`Q[0x7][0xcb]p[0x90][0xa9][0xe9][0x8c][0xe]j[0xfd][0xfd][0xf9][0xa5][0xb][0xa5][0x12]{mW[0x94][0x16][0xa5]U[0xa8][0xf6][5[0xe7]&amp;[0xfd][0xe][0x7][0x95]JV[0xbb][0xe4][0xac][0xe]Vv0v[0x5]J_[[0x8e]][0x81][0xd2]J[0x94][0xfd][0x8d]=[0x83]R[0x8f][0xed]D[0x87][0x83]B[0xa5][0xe5][0xe1][0xa0]P[0xcd]y[0x17]5[0x86][0x83]LMgtPw2[0xcf][0x97][[0xa2][0xe5][0x95][0xd2][0xdd][0xa5][0xf5][0xab]/+[0x1d]:[0x1b]M[0x14][0x1b][0xf7]DV[0xfa][0x9c]if[0xa6]8[0xa2][0xf9][0xd4][0xbd]R[0x1c][0xaf]*[0x99]E[0xc9][0xf9]l[0x80][0xd1][0x8c][0xb1][0xa2][0xe4]|[0x3][0x94][0xe9].t([0xc9][0xd4]F4[0x94]T[0x8a][0xe3][0x15]%ge&apos;*J[0xce][0xea]LT[0x94][0x9c][0xef]&lt;2[0xdd][0xa5][0xe5][0xa1]$S[0x1b][0xd1]PR)[0x8e][0x97][0x95][0x8c][\n]&quot;
00:00:58.990 [main] DEBUG org.apache.http.wire -  &lt;&lt; &quot;K[0x14][0x95][0xd4]*[0xd9][0xb5][0xe][0x6]M[0x18][0xab]J[0xd6][0xa1]$S[0x1b][0xd1]PR[0xa8]d[0xc5]JF[0xa5]#[0x8a]Jj=[0xea]Z[0x8f][0x82]n[0x98][0x95]*[0xd9][0x86][0x92]LmD[0xaa]dC%[0xb5][0xe2][0xec]&apos;}*[0xe][0xd1][[0xc9][0xce][0xf4]:[0xc][0x89][0xde]JJl[0xec][0xcd]VzWg[0xcc]y[0xfc]?y[0xa2]C[\r][0xa5][0xef]-[0xcf][0xaa]AT[0xd4][0x98]U[0x83][0xe8][0xad][0x86][0xf4]{MK[0xa0]q[0xc6][0xb7][0xd2]y[0xf5][0x92][0xa8][0xaa][0x91]E[0x8d][0xb9][0xf2][0x13]e5b[0xe5]gZ[0xdf]G[0x14]+b&quot;
00:00:59.007 [main] DEBUG org.apache.http.wire -  &lt;&lt; &quot;[0xba][0xbf][0xcf][0x9c]X[0xf9]1+TCW[0xef][0xf5];E+e5b[0xf5]fz[0xfd][0x1][0xd3][0xa6][0xfd][0xee][0xef]3[0xe7]Y[0xbd]eD[0xa8][0x86][0xae][0xc0][0xeb]W}V[0x8a]j[0xe8][\n]&quot;
00:00:59.007 [main] DEBUG org.apache.http.wire -  &lt;&lt; &quot;l[0xdf][0xcf][0x9]z[0xfd][0x98][0xee][0x92][0xd5][0xa5]FF[0x8a]j[0xe8]*z[0x9c][0xf4]YE[0x95]J[0xec][0xf5]#z+y0[0xbd][0xe][0x7][0xa6][0x95][0xb2][0x9a]_[0xc8]1[0x9a][0xb0][0xe5][0xdb][0x85][0xf7][0xd8]yg[0x8a][0xe9]a9o[0xaa][0xe4][0xdd][0xb8][0xd1][0x84][0xfd][0x8a][0x83]s[0xe5]W[0x8a][0xb1][0xea]`[0x16][0x7]g[0xd5] z;[0xe8][0xf4][0xbd][0xe5]y&amp;b4#U[0x7][0xb3]88[0xcf]S[0x98]&amp;[0x89]U[0x7]3;[0x18][0xd5]J)[0xc6][0xaa][0x83][0x5][0x1d][0xd4]Jw[0xe8]9N[0xd0][0x84]-[0xdf]G[0x99]Q[0xc9]J[0x1d],[0xec]`[0x9c][0x1f]1M[0x12][0xab][0xe][0x16]v0*[0xac]R[0x8c]U[0x7]+;[0x18][0xd5][0x99][0xa8]88[0xbf][0xaf]&quot;[0xf4]][\r][0xbd]&gt;[0xb9]~_e[0xa5][0xe8][0xa0][0x9e][0x97][0xe9][0x17]T[0x82]J[0xce][0xec]`[0xec][\n]&quot;
00:00:59.007 [main] DEBUG org.apache.http.wire -  &lt;&lt; &quot;[0x94]b[0xac]:[0xd8][0xd0]A[0xdd]Q[0xe8][0x97]L[0x82][0x82][0xfb]q[0xc6]&apos;T[0xd4]P[0x7][0x1b];[0x18][0xe7][0x83]L[0x93][0xc4][0xa2][0x83][0xfa][0xdf]y?&apos;}v2L[0xcf]2[0x8a][0xb1][0xb7]G[0x12]{-YJ[0xbb][0xd2]][0xe9][0xc1][0xb4][0xd2][0x88][0xe6][0xd3][0xe0]L[0xbb][0xe4]&lt;[0xfc]E[0xba][0x99][0x92][0xc3]#[0xa5][0xef][0xfd][0xce][0xbd][\n]&quot;
00:00:59.008 [main] DEBUG org.apache.http.wire -  &lt;&lt; &quot;Q[0xf5]([0x8b]G[0xf3]^[0xaa][0xd1][0xfc]Q*-[0x17][0xcd][0xb9][\n]&quot;
00:00:59.009 [main] DEBUG org.apache.http.wire -  &lt;&lt; &quot;U[0x8f][0xb2]x4w2D[0xc5][0xa3][0xb9][0x1b]Q[0xfa][0xde][0xef][0xdc][0x8d][0x10]U[0x8f][0x8a]x4[0xef][0x96]*}wp[0xee]U[0x94]J[0xbf]UF[0xa4][0x1e][0x15][0xf1]h[0xee]U[0x88][0x8a]Gs[0xbf][0xa1][0xf4][0xb5][0xdf][0xd8]o[0x10]U[0x8f][0xaa]x4[0xef][0x87]*-J[0xab]R[0xc9][0xaa][0xca][0x88][0xd4][0xa3][0xca][0x1e][0xc5]n[0x84]({[0x14];[\n]&quot;
00:00:59.009 [main] DEBUG org.apache.http.wire -  &lt;&lt; &quot;[0xa5][0xaf][0xfd][0xc6][0x8e][0x82][0xa8]z[0xd4][0xd8][0xa3][0xb8][0xa7][0xa9][0xb4])[0xed]L[0xab][0xe4][0xac].4v!v[0x14]H7[0xd3][\n]&quot;
00:00:59.009 [main] DEBUG org.apache.http.wire -  &lt;&lt; &quot;][0xd0]][0xc1][0xb9]m[0x98][0xbb][0x2][0xa6][0xd7]!Lt[0xa8][0xa1][0xb4][0xbc][0xd2][0xf9]&amp;[0x97][0xd2][0xf7][0xd8][0xe7][0xff][0xf1]aVC[\r][0xa5][0xcd]h~[0x1f][0xd1]S[0x9d][0x85]f[0x8d][0xad][0x12]+Z[0xcd][0xf7][0xbc][0x94]b[0xac]h5[0xeb][0xa0][0xd2]&amp;[0x94][0xc7][D[0xab]Y[0xad][0x98]V[0x89][0x15][0xad][0xe6][&quot;
00:00:59.014 [main] DEBUG org.apache.http.wire -  &lt;&lt; &quot;`J1[0x96][0xb5][0x8a]z[0xa4][0xb4][0x11]U[0xad]*k[0x15]U[0x83]i[0x95]X[0xd6]*[0xde][0x11]S[0x8a][0xb1][0xac]U[0xd4][0x5][0xa5][0x8d][0xa8]j[0xd5]X[0xab]X[0xbd][0x99]V[0x89]e[0xad][0xe2][\r]2[0xa5][0x18][0xab]Z5[0xd4][0xea][0xfb][0xea][0xdd]H[0xab]t[0xd2][0xff][0xd6]v[0xa5][0xa9][0xbf][0xd2][0xb9][0xf2]3[0xad][0xd4][0xf2][0xbc][0xfe]l4I[0xcb][0xa7][0x98][0x12][0x1b]Ur[0xa5][0xa3]J[0x1a][0xdd][0xe][0xa4]w[0xe3]F[0xd3]{[0xbf][0xb3].[0x10][0x15][0x9d]g[0xd5] z[0xeb][0xec][0xf4]}D[0xf3]*[0xb1][0xd1][0x8c]Tt[0x9e][0xe7]VF7[0xcc]Ju[0xce][0xac]s[0xd4][0x14][0xa2][0xa8][0xb3]V[0x9c][0x9f][0xdf][0x94]0[0x9a][0xde]G[0xf4]\[0xcb]U[0xba]!e[0x9d][0xe3][0xfc]H[0xa8][0xb4][0x8c]:k-[[0xbf]e[0xb1]R[0xd6]9[0xaa][0x95][0xd2][0xc6][0xf4]j\([0xe4][0x1c]W\[0x91]n6&quot;U[0xb2][0xa2][0x92]Z[0xe9][0xd6][0xef]Q[0xac][0x14][0x95]|j[0xd9]7[0xba][0x13]e%[0xe3][0xca][0xa7][0xd1][0xc4]t[0xb3][0x11][0xa9][0x92][\r][0x95][0xd4]:[0x98]O[0xfa][0xd4]2[0xa5];[0xd3]Lt^[0x9f][0x14][0xfa]-[0xf6] :\[0x10]J[0xb1][0xf3]=k[0xa3][0xf9][0xbd][0xe5][0xa7][0x1e]9[0xdd][0x99][0xe6]/4[0x94]J[0xbf]E[0xb3][0xaa][0xdf][0xe8]AT[0xb5][0xca][0xa2][0xd5]SS[0x9c]v[0xa2][0xa2][0x95]\[0xaf][0xfb][0xf9]_z[0x95]bV[0xb7][0x1a]N[0xb1]_[0xd5][0xaa][0xa0]VQ[0x17][0x9c]v[0xa2][0xac]U\7SZ[0x95]6[0xa6]UrV[0xad]*[0xaa][0x11]k[0xbb][0xd3]N[0x94][0xd5][0x88]+TJ[0xbb]Ri[0xb9]J[0xce][0xaa]F#5[0xca]I[0xff][[0x81][0x9d]6[0xa5][0x9d][0xe8][0xd4]j[0xa5][0xf3]-l[0xa5][0x95]i[0xd5][0x9c][0xf7][0xf3]&quot;$[0xd3][0x83][0xb2][0x9a]+[0xb0][0xd2][0xa6][0xb4][0x13][0x15]5[0xe6]*[0xaa][0xb4]([0xad]DU[0x8d][0xcc]j[0xc4][0x1a][0xab][0xb4])[0xed]DQ[\r]][0x81][0xed]K[0x17]A[0xab][0xe4][0xac]j[0x14]V#VQ[0xa5]Mi&apos;[0xca]j[0xc4][0xbb][0xd2]J3Q[0x1e]o[0xac][0x84]J[0x9b][0xd2]N[0x94]G[0x14]o43[0xad][0x92]3[0x8d][0xa8][0x9e][0xf4]^[0x91][0x94]^[0x13][0x80][0xe9]e[0x93][0xd2]lt[0xeb]L[0xcf][0xb4][0x85][0xc6][0xb9][0xe4]J[0xc7][0xbe][0xdd][0xe8][0x86]t[0xec][0xcc][0x95]6[0xa0][0xb1][0x12][0xae]Tv[0x8c]5V$[0xa7]Y[0xe9]a4[0x88][0x8a][0x92][0xf3][0xea][0x87][0xd1][\r][0xa9]*[0x99]QI]E[0xed][0xbb][0x10]A[0xab][0xc4][0xa2]&quot;
00:00:59.028 [main] DEBUG org.apache.http.wire -  &lt;&lt; &quot;[0x92]z[0xf5][0xa3][0xc6][0xf5][\r][0xa4][0xac]d\[0xdf]0[0xba]!U%[0xb]*[0xa9]+[0xb0][0xfd][0xff][0xfd][0xa0]UbY[0xc9]x[0xa2][0x8c][0xe8]}t#e%[0xe3][0xfa][0x86][0xd1][\r][0xa9]*YU[0xc9][0x86]J[0xea]N[0xf5][0xe7][0x17]&apos;[0x94]f[0xa5]U[0xa8][0xe4][0xcc]J[0xc6][0xf5][\r][0xa3][0x1b]RTR[0xaf][0xe4][0xb7][0x93]&gt;[0xfb]g[0xa6]g[0xac][0xd0][0xeb]0T[0xda][0x95][0xee]J[0xf][0xa3]1[0xde][0x95]V[0x1d]Q[0xd3][0xac][0xae]G[0xfa][0x99][0x86][0x83]+[0xbd][0xdf][0xf0][0x15][0xaa]:[0x9f][0xbf]/t[0x17]Jj[0xcc]:[0xc8][0xf4][\n]&quot;
00:00:59.028 [main] DEBUG org.apache.http.wire -  &lt;&lt; &quot;[0xa5][0xf3][0xd9]-[0xa3][0xf9][0xa3]T[0xfa]-[0x92][0x95][0xf8];[0xab][0xb3]P[0xc9]J[0xfc][0x9d][0xf5][0x97][0xa8][0xf8];[0xab]3[0xd3][0xf4][0x8d][0xee]D[0xc5][0xdf]Y[0x9d][0x99]^b[0xbe][0xd2][0xf9][0xdc][0x97][0xd2]w[0xf7]g[0xdd]W[0xba][0x9][0x95][0x11][0x89][0xbf][0xf3]k~B%g[0xf5][0xb7][0xb0][0xbf][0xb1]g`[0x9a][0xbe]Q[0xd4][0x99][0xfd][0x8d]=[0x3][0xd3][0xf4][0xba]o[0xff][0xf9][\r][\r][0xa5]EiU[0xda][0x84][0xea][0x88][0xaa][0x8e][0xa8]IV[0xe8][0xbe][0xee]U~|CC[0xa8][0xe9][0xac][0xfe]V[0xf4]W[0xf7]9[0xf6][0x85][0x8d][0xa0][0x9][0xea]`&lt;o[0xa6][0xb4])[0xed]Jw[0xa2][0xec]o[0xec][0xaf][0x84]JV[0xe8][0xaf][0xee][0xa0]~|aC[0xa8][0xe9][0xac][0xfe]6[0xf4]Ww_[0xfd][0xa4][0xcf][0xfe]JiR[0xda]^[0xe9][0xbc][0x2][0xa9]T[0xb2][0xaa][0x96][0xd5][0xf9]c:[0xc6][0xab][0xf4]=[0xe7][0xb9][0x1b]Q[0x9a][0x94]b[0xcb]2[0xa2]y[0x5]Ri%*j[0xcc][0xea][0xac][0xf4]=[0xe7]Y[0xbb][0x95]&amp;[0xa5][0xef]-K[0xed]^[0xbf][0xa1][0xb1]RQR*[0xdd][0xfa]-[0x8b][0x95][0x8a][0x1a][0xb3][0xd2])MJ[0xa5][0xe5][0xab]|+[0xc5][0x96]Q[\r][0xad][0xb]?[0xbf]G[0xa1]t[0xa3]Q[0x17][0x94][0x16][0xa2][0xac]F\[0xbd]dZ[0xa5]_[0x1c][0xef][0xf7][0x95][0x10][0xcf]C[0xf7][0x93]&gt;[0xeb][0xa4]R[0x89]=[0x95][0xe8]][0xcb][0x84]^[0x87][0x92][0xd2]][0xe9][0xc1][0xb4]R[0xcb][0xf3]&lt;[0x94]i[0x9f]sc[0xa5][0xa3][0xe]2=[0xce]![0x13][0xbd][0xab][0xe4][0xc6]t[0xfb]F[0x13][0xd2];1[0xa3][0xa9]([0xad]J[0x9b][0xd1][0xfc][0x9e][0xf3]S5[0x9c]6[0xa2]2[0xaf][0x9e][0xb3]c[0xa3][0x9a]U[0xd1][0xac][0xea][0x17][0x9a]?De[0xe6][0xcc]3\[0xa2]:s[0xb2][0xcc][0x9c]q[0xfe][0xfb][0x8d]&amp;[0xa2]2s[0xe6]w[0xa8][0x94]V[0xa5][0xe8]/[0xce][0x9c][0xa8][0xb0]N[0x1b]&quot;
00:00:59.039 [main] DEBUG org.apache.http.wire -  &lt;&lt; &quot;Q[0x9d]9EgN[0xe1][0xb9][0x11][0xb5][)[0xc6][0xca][0xbc][0x9a][0xe7][0xce]De^[0xcd]3k[0xa2]:[0xaf][0x8a][0xce][0xab][0xab]p[0xa3][0x89][0xa8][0xcc][0xab][0xf9]U.[0xa5]U)[0xba][0x8f][0xf3]*[0xf6]*N[0x1b]Q[0x9d]WU[0xe7]U[0x1d][0xf3]J[0xa9][0xc5]JV&lt;[0xaf][0xe2][0x8c][0x9e]([0xcf][0xab]8[0xa3]&apos;[0xaa][0xf3][0xaa][0xe2][0xbc]z[0xce][0xf7][0xbf][0xd1]D[0x94][0xe7]U|[0xa3]LiU[0x8a]-[0xe3][0xbc][0x8a]][0x9f][0xd3]F[0x14][0xe7]U\[\r]p[0xda][0x95][0xee]L[0x8b][0xe6]\[0xbf][0xd0]$#[0xea][0xd2][0xaf][0xce][0xab][0xa6][0xf3][0xaa][0xe1][0xbc]z[0xae]3|[0xa3][0x89][0xa8][0xce][0xab][0xa6][0xf3][0xaa][0xe1][0xbc][0xfa][0xbe][0xf7][0xc6][0xb7]9[0x8e][0x93][0xfe][0xb7][0xf7]v[0xda][0x88][0xe][0x7][0x95][0xee]L[0xfb][0xf9][0x7]D[0xc7][0xff][0xf5]`z[0x9c][0xfd][0x1a][0xdd][0xb0][0xe5][0xe1][0xa0][0xd1][0xad][0x13][0x1d][0x1e])[0xad]J[0xdf][0x95][0x9c][0xfb]X[0xa5][0x12][%V][0xc8][0xea]BV[0x17][0xb2][0xba][0x90][0xc5][0x85][0xb9][0x9f]$*.[0xcc][0x1d][0xa3]R[0xec]W\[0x98]{B[0xa5][0x12][%V]([0xea]BQ[0x17][0x8a][0xba]P[0xc4][0x85][0xb9][0xfb]&quot;*.[0xcc][0xfd][0x95]R[0xec]W\[0x98];([0xa5][0x12][%V][0xa8][0xea]BU[0x17][0xaa][0xba]P[0xd9][0x85][0xd8][0xab][0x10]e[0x17]b7[0xa2][0x14][0xfb]e[0x17]b[0xbf][0xa1]Tb[0xab][0xc4][0xaa][0xb]M]h[0xea]BS[0x17][0x1a][0xbb][0x10][0x95][0x9d]([0xbb][0x10][0xb5][)[0xf6][0xb].[0x94][0xcf]I[0x9f];[0x8]L[0xcf][0xdf][0xce][0xb4][0xcc][0x9d][0xdb]J[0x87]GB56[0xbe][0x94][0xbe][0xd2]{[0xf7][0xe5]TZ&gt;$v|[0x8f][0x91][0xe8][0xed][0xa0][0xd2][0x94][0x99]&amp;[0x19][0x91]z[0x94][0xd5][0xa3][0xac][0x1e]e[0xf5]([0x8b]G[0xf3][0xbf][0xb8][0x12][0x15][0x8f][0x9e]+EN%[0xab]Cb[0xc5][0xa3][0xa7][0xee]#[0x15][0x8f]fe&apos;[0xaa][0x1e][0x15][0xf5][0xa8][0x88][0xb][0xf3][0xff][0xc3][\n]&quot;
00:00:59.039 [main] DEBUG org.apache.http.wire -  &lt;&lt; &quot;[0xa5][0xac][0x9e]+&apos;N[0xa5][0xdf]CbU[0xe7][0xc2]JFu&amp;[0xca]JFuV[0x9a][0x88][0x8a][0xce][0xf3]?[0xcf][0x12]E[0x9d][0xe3]J[0x82]S[0xe9][0xf7][0x90]X[0xd5][0xb9][0xb2][0xce]Q[0x95][0xbe][0xce][0xab][0xa8][0xbf]J[0xb]Q[0xd6]9[0xfe][0xa7]-Q[0xd4]9[0xce][0xac][0x9d]J[0xbf][0x87][0xc4][0xaa][0xce]Mun[0xa8][0xb3]V[0xd8][0xed][0xa4][0xcf]= [0xa2][0xb3][0xe5][0x95][0xce][0xbb][0x0]D5[0xb6][0x90][0xbf][0xeb][0x97]LV[0x8a]-[0xeb][0x11][0xba]~[0xf7]c&quot;
00:00:59.060 [main] DEBUG org.apache.http.wire -  &lt;&lt; &quot;[0xa5][0xd8][0xb2][0xce][0xc9][0xf5]+[0x19]+[0xa5][0x96][0xd3][0xad][0xf3]hYigz[0x15],[0xa2][0xe3][\r][0x14][0xa5]EiU[0xda][0x98]^F(MJ[0xf][0xa6][0xd7][0x1]n4[0xa1][0x1a][0xf7][0xfe][0xf9]=v^[0x85]P[0xda][0x89][0x8a][0xb]s&apos;[0xa3]4)[0xcd]J[0x8b][0xd2][0xaa][0xb4][0x11][0x15][0x17][0xe6][0xf7][0x91][0x94][0xa2][0x1a][0xec]B[0xac][0xc]J;Qq[0xe1]yn[0xc4][0xe9][0xeb]xcER[0x8a]9[0xdf]J:MJ%[0xab]&amp;[0xe3]U[0x17][\n]&quot;
00:00:59.061 [main] DEBUG org.apache.http.wire -  &lt;&lt; &quot;[0xbb][0x10][0xab][0xa8][0xd2]NT\x[0x9e]H[0xf9]([0xdd][0x94]&amp;[0xa5][0x99][0xe9][0x95][0xb6][0xd2][0xc3]h[0xc6]X[0xd5][0xb9][0xb2][0xce]QS[0x94]v[0xa2][0xa8]s[0xec][0x82][0xe][0xa3][0xf9][0xd5][0x85][0xb8][0x82][0xa1]4)[0x95]~[0xcf]R[0xa8]4[0xe1][0x88]H[0xc9]|[0xd2][0xa7][0x86]2[0xbd]N[0x9f]_[0xe9][0xfc][0xaf][0x1]F[0xb3][0xb4]\[0xb5][0xdf][0xeb][0x92][0x8e][0xd1][0x84][0xfd][0xce][0xdd][0xe6]J[0xe7][0xbb][0xd2]F[0x13]gu[0xfe]$[0xf6][0xfa]e[0xa3][0xe9]=[0xab]YC[0x89][0xaa][0xb]Y\[0x98][0xbb]M[0xa6]U[0xfa]U[0x17][0xb2][0xba][0x90][0xd5][0x85][0xac].du![0xab][0xb]Y\[0x90][0xdd][0xf5][0xfa][0xfd][0x8d][0x95][0x8a][0xb][0xf3][0xeb][0xfd]F[0xb3][0xb4]\[0xa5]_u[0xa1][0xa8][0xb]E]([0xea]BQ[0x17][0xae][0x82]&quot;[0xb1][0xe8][0x82][0x9e][0x89][0xac]_[0xf6]X[0xa9][0xba]PE[0xe7][0xf9][0xee][0x3]QU[0xa3][0xf2][0x88][0xa2][0x1e][0x11][0xe5][0x9c][0xe3]N[0xba][0xd1][0x8c]-k[0xce][0x8d]r[0xfe][0x97][0xb0]{[0xcb][0x91][0xdc][0x86][0xc1]([0xfc][0x9c][0xc5][0x4][0xb0]E[0x8a][0xb2][0xf6][0xbf][0xb1][0xf8][0x82][0x84][0x1][0xa6][0xcf]iL[0xbf]}[0x90]%[0xfd][0x94][0xaf]U[0xe5][0xc9][[0xfb][0xc8]/[0xba]@[0xfb][0xe][0x88]u[0xb2]&gt;%V[0x1d][0xaa][0x9b]u[0xf1]|[0xbf]g[0xb9][0xdb]4[0xe][0xd0][0xd0][0xac]B[0xb2][0xea]c[0xac][0xe9]PM[0xd5][0xa9][0xba]I5[0xab][0xd0][0xac]B[0xb3]J[0xcd]*%[0xab][0xbe][0x9b][0x10][0x1d][0xd8]o[0xe7][0x8c]:T[0xb1]_[0xcd]*5[0xab][0xd4][0xac][0xa6]f59[0xab][0xbe]#P=U[0x87]j[0x90]jVS[0xb3][0x9a][0x9a][0xd5][0xd4][0xac]J[0xb3]*[0xce][0xaa][0xaf][0xea]E[0xa5][0xdf]^9[0xa8][0xb8]eM[0xa3]4[0x8d][0xa2]4[0xe6][0xad]}[0xf4][0x16][0x1d][0xa6]c[0x91][0xbe]g[0xab][0x9][0xda]G~Rj[0xdb]G~[0xd3][0xa1][0xba]I[0xbf]; [0xd0]&gt;z[0xb3][0xe][0xd3][0xb1]H%[0xab]&gt;[0xf2][0x9b][0xe][0xd5]T[0xf5]~7)g[0xd5]&quot;
00:00:59.062 [main] DEBUG org.apache.http.wire -  &lt;&lt; &quot;Go[0xd5]a:[0x16])g[0xd5]G~[0xd3]q[0x90]v[0xce][0xa8]C[0x15][0xfb][0xe5][0xac][0xfa][0xe8][0xad]:L[0xc7]&quot;[0xe5][0xac][0xfa][0xd8][0xae][0x8a][0xfd]vV[0xa8][0x9b][0x94][0xd3][0xe8][0xe3][0xb3]j[0x9a][0x8e]E[0xca]i[0xf4][0xd1][0x9b][0xb4][0xe7][0x8b]:T7)[0xa5]q[0xdd][0xda][0xc7]g[0xd2][0xa9]m[0x9f][0x83]?[0xeb][0xfa][0x92][0x4][0xfd][0xbe][0xa7][\n]&quot;
00:00:59.062 [main] DEBUG org.apache.http.wire -  &lt;&lt; &quot;[0xfa][0x9c]q[0x86]*[0xb4][0xed][0xef]1[0x8a]N[0xd0][0xd0]4[0xe2]Mc[0x91]j[0x1a][0xa1]i[0xc4][0x9b][0xc6] }[0xe7]{[0xa9]nRM#4[0x8d][0xd4]4[0xf2]M[0xa3]H5[0x8d][0xfc][0xd2]`[0xdd][0xd2][0xef];[0xdf][0xa5]z[0x91]j[0x1a][0xc9]i[0xf4]Q[0x94]uJ[Mcb[0x1a]}[0xbf][0xbf]H[0xdf][0xf9][0x96]*[0xb6][0xd5]4[0xa6][0xa6]Q[0x9a]F}[0xbf][0xf3]&quot;[0xd5]4[\n]&quot;
00:00:59.062 [main] DEBUG org.apache.http.wire -  &lt;&lt; &quot;[0xd3][0xe8]&apos;[0x9]8[0xaa]w[0xbe][0xa9]*m[0x87][0xb4][0xa5]4[0xf6][0xad]}[0x14]%[0xbd][0xff][0xa4]m[0xfc]=[0xa0]m[0x82]O:[0xa5][0xdf]&apos;[0xab][0xb3]H[0xdf]4[0xe]R[0x9d]o[0xe8]|C[0xe7][0x1b]=_[0xd2][0x10][0x9d][0xd2][0xaf][0xce]7t[0xbe][0xa1][0xf3]M[0x9d]o[0xea]|[0x93][0xe7][0xdb]W[0x8c][0xac]S[0xfa][0xd5][0xf9][0xa6][0xce]7y[0xbe]}[0xac]S[0x1d][0xa0][0xd5]mA[0xb5][0xed][0xd0][0xb6]S[0xda]b[0x1a][0xbd][0xef][0xe3][0x96]![0x8d]y[0xdc][0xda]{[0xb7][0xe8][0x2][0xed];M[0xd0][0xae]/[0xe8]f}[0x86][\r][0xda]{([0xeb]&quot;[0xed]Q[0xa1]N[0xd5][0x8d][0xea]c&gt;[0x9f]ko[0xd0][0xd4][0x19]%[0xcf][0xa8][0xf7]2[0xd2][0x9e]/[0xea]&amp;[0xd5][0x19]%[0xcf][0xa8][0xf7]2[0xd5][0xa1]Z[0xaa]K[0xf5][0x12][0x85][0xf9][0xf6][0xde][0xad]:TC5U[0xa7]j[0xa9].[0xd5][0x8b][0x14][0xd3][0xb0]#[0xd2]&lt;o[0xe5][0xe3]F7o[0x4][0xeb]S[0x8][0xd3]s[0xb3]^[0xbf]h[0x1c][0xa8][0xe7][0xf1][0x1d][0x9]Yi[0xcb][0xa1][0xf3][\r][0x9e]o[0x1f]sLO[0xe9][0xf7][0xba][0xff]Hu[0xbe][0xf1][0xcc][0xe8][0x9c][0xa4]:[0xdf][0xd4][0xf9][0xa6][0xce]7u[0xbe][0xa9][0xf3][0xfd]~[0xcf][0xbe]He[0xbe][0xfd][0xa6]8P[0x9d][0xef][0xd4][0xf9]N[0x9d][0xef][0xd4][0xf9]N[0x9c]o[0xc3][0xf9]&quot;[0xc5][0xf9][0xfe]w[0xf7]4[0x92]T[0xe7][:[0xdf][0xd2][0xf9][0x96][0xce][0xb7]t[0xbe][0xa5]3*[0x1a][0xf3][0xb8][0xb5][0x8f]9[0xa4][0xe3]K[0x92]u[0x9b][0x8e][0x83][0xf5]Yx[0xac]SG[0xf5][0xdc][0xf4][0xb1]n[0xd1]w[0xff][0x1d][0xac]w[0x1a][0xaa][0xe7]$[0xed][0xfb]ATh[0xdb]GB[0xd2]&quot;
00:00:59.069 [main] DEBUG org.apache.http.wire -  &lt;&lt; &quot;gR[0xa6][0xe7][0xa1]*[[0x8e][0xbf][0x3][0xb5][0xab]@[0x1a][0xd8][0xaf]V![0xb4][\n]&quot;
00:00:59.069 [main] DEBUG org.apache.http.wire -  &lt;&lt; &quot;[0xa1]U[0x8][0xad]Bh[0x15][0x82][0xab][0xd0][0xc7]g[0xd6][0xf8]M[0x87]j[0xb0]&amp;[0xef]))U[0xe8]7[0x99][0x80]j[0x15]R[0xab][0x90]Z[0x85][0xd4]*[0xa4]V![0xb5][\n]&quot;
00:00:59.069 [main] DEBUG org.apache.http.wire -  &lt;&lt; &quot;[0x13][0xab][0xd0][0x9f] [0xa4][0xea]T-[0xd6]&apos;jR[0xa9]B[0xbf][0xf7][0x3]T[0xab]0[0xb5][\n]&quot;
00:00:59.070 [main] DEBUG org.apache.http.wire -  &lt;&lt; &quot;[0xb3][0xab][0x0]*[0xf3][0xd5]*L[0xad]Ba[0x15][0xfa][0xbe][0xbb]T[0x97][0xea][0x5][0xda][0xbf][0x9b][0x0][0xfd][0xaa][0xc0]:pTZ[0x85][0xd2]*[0x94]V[0xa1][0xb4][\n]&quot;
00:00:59.070 [main] DEBUG org.apache.http.wire -  &lt;&lt; &quot;[0xa5]U([0xaa][0xc2][0x1f][0xdf][0x19]#[0x1d][0xaa][0xbe][0xe5]R][0xaa][0x97][0xea]6[0x1d][0xd2]oh[0xdb][0xfc][0xe6][0xcb][0x1a][0xaa]%[0xaa]U([0x99]/]!G[0xef]e[0xa7][0xea]P[\r][0xd5]T[0xf5]Q[0x95][0xea]6[0x8d]C[0x15][0xe6][0xdb]G[0x15][0xd1]T[0x9d][0xaa][0xa5][0xba]T/[0xd3]![[0x8e][0xef]|[0x84]:\[0xa7][0xaa][0x8c]*[0xb5][0xed]}`[0x9][0xd2]w[0xc5][0xa2][0xf6][0x8a]E[0x1d][0xaa][0xb8]e\[0xb1][0xbf][0x1f][0x9]?-[0xd5][0xa5]z[0xa9]n[0xd3]8Hi[0xb5][0xe7][0xad]}o%:T[0xc3]t[0xc]Uo[0x9b][0xaa]S[0xb5]T[0x97][0xea]E[0xda][0xc7]v[0xd4]PM[0xd3][0xb1]M[0xe3]`[0x9d]Z[0xc1][0xfa][0xaa][0xc0][0x1a][0xa2]Z[0x85]M[0xa3][0xea][0xf7][0x9a][0x9a][0xe][0xd5]PM[0xd5][0xa9]Z[0xaa][0xb][0xb4][0xef]Y[0x87]j[0xb0]&gt;a[0x9a][0x9e][0x87][0xea][0xa9]:TC5U&apos;i[0xaf]vTo[[0xa4][0xbd][0xda]Q[0x87][0xa8]T[0xa1][0xcf]G[0xa8])[0xaa]i[0xec][0xef][0xfe][0x17]u[0x1c][0xaa]8[0xdf][0xde][0xcb]P[0x87]j[0xa8][0xa6][0xea]T-[0xd5][0x5][0xda][0xcf]7X[0x87]i`[0xdb]w/s[0x1d][0xaa][0xa1][0x9a][0xaa]S[0xb5]XS[0xdb][0xa6][0xb7][0x95][0x9c]{?B[0x1d][0xaa]![0xaa]U([0xed][0xb7][0xb4][0xdf][0xfd][0xcd][0x97]u[0xa9]^[0xa4][0xbd][0x1f][0xa1][0xe][0xd5]PM[0xd5][0xa9]Z[0xaa][0xb][0xb4][0xef][0xca]Y[0x87]j[0x90][0xf6][0x13]u[0xd2]q[0xa8][0x9e][0xaa]C5TSu[0x92][0xf6][0xd9][\n]&quot;
00:00:59.070 [main] DEBUG org.apache.http.wire -  &lt;&lt; &quot;[0xd5][0xdb][0x16][0xeb][0x13][0xa6][0xea][0x10][0xd5]*[0x94][0xe6]\[0x9a]sI[0xce][0xef][0x19][0xa7]T[0x97][0xea]E[0xda]{[0x19][0xea]P[\r][0xd5]T[0x9d][0xaa][0xa5][0xba]@[0xfb]Y[0x1][0xeb]P[\r][0xd0]~[0x2][0xc9][0xba]M[0xcf]C[0xf5]T[0x1d][0xaa][0xa1][0x9a][0xac][0xcf][0xc9]N5Tq[0xcb][0xbd][0x97][0xa1][0xe]Q[0xed][0xb7]4[0xe7][0xd2][0x9c][0xb]r[0xee]w&quot;
00:00:59.081 [main] DEBUG org.apache.http.wire -  &lt;&lt; &quot;+[0xa9][0x96][0xea]&quot;[0xd5][0xbd][0xac]z/C[\r][0xd5]T[0x9d][0xaa][0xa5][0xba][0xfe][0xd4]yk[0xdf]y[0xb1][0x8e]d}[\n]&quot;
00:00:59.081 [main] DEBUG org.apache.http.wire -  &lt;&lt; &quot;[0x1][0xda][0xdf][0x94][0x0][0xbd][0xfb][0x15][0xfd][0xf9][0x9a][0xf0][0x8f][0xdf][0xf2][0x80][0x9e]I[0xfa]}&apos;[0x9f][0xb4]s&amp;[0x1d][0xa8]2[0xe6][0xbe]f`[0xd5][0xb6][0x9b][0xab]05[0xe7][0xd9][0xa3][0x2][0xe5]-[0x97][0x8e][0xb9]h[0xcb][0xf5][0xe8][0xe8][0xb6][0xa8][0x3][0xb4][0xbf][0xe1][0xc][0xda]W[0x5][0xa0]K[0xf5]R[0xdd][0xa6]C[0xb6]&lt;u[0xbe]w\2[0xe6]K[0xfa][0xfd][0xaa][0x8f][0xfa][0xfc][0x95][0xea]2[0x1d][0xa9]:U[0xb5][0xdf][0xa0]4B[0xd7]Ft[0xf5]Q[0xb7]i[0x1c][0xa2]:[0xaa][0x94]Qi[0xf5]C[0xab][0x1f]]}T[0xdc][0xb2][0xae][0x8d][0xd0][0xb5][0x11][0xbd]6H[0xbd][0xed][0x98][0xaa][0xb8]e[0xad]~j[0xf5]S[0xaa][0xdf][0xef][0xec]2[0xdd][0xa6][0xe3]P=U[0xb1]_[0xad]~j[0xf5]S[0xeb][0x9b]Z[0xdf][0xec][0xfa][0x92]z[0xdb]1Uq[0xcb]Z[0xdf][0xa9][0xf5][0x9d]R[0xdf][0xfe][0xc][0xd7]4U[0xa7]j[0x99][0x8e]E[0xaa][0xf5][0x9d]Z[0xdf][0xa9][0xf5][0x9d]Z[0xdf][0xc9][0xf5][0xed]s[0xb7][0xea]T[0xc5]-k}K[0xeb][]_[0xd4][0xa9]Z[0xaa]K[0xf5]bMi[0xab][0xf5]-[0xad]oi}K[0xeb][]_Ro;[0xa6][0xa8]$I[0xf5][0xed]_c[0x9d][0xae][0x83]u~c[0x6][0xbd][0xee]?[0xd5]M[0xfa]][0xe5][0x82][0xe2]/A[0xe0][0xb7]Z[0xad][0xf2]d[0xbb]Qu[0x6][0xeb][0xfa]V[0x1d]([0xce][0xa8][0x9f]@[0x8a][0xe][0xec]Wf[0xd4][0xcf][0x9]Q[0x9f]][0x18][0xb4][0xdf][0xe][0xcd]z[0xb1]n[0xae][0xfe][0xf7]]5[0x1c][0x15][0xcf][0xa8][0x9f][0xc9][0x90]B[0xdb][0xfa][0xe3][0x97]M[0xa0]#Y[0x87][0xaa][0xf7][[0xf7][0x1f][0xe8][0xb7][0xda][0x97][0xea]6=[0xf][0xd0][0xde]S@{O[0x1][0x85][0xb6]}[0xe5][0xc6]z[0x6]ig[0x85][\n]&quot;
00:00:59.082 [main] DEBUG org.apache.http.wire -  &lt;&lt; &quot;Y[0xf5]=;[0xe9][0xfa]M[0xb7]i@[0x92][0xfd][0xf9][0x2]*[0xcd][0xa8][0xaf][0x82]L[0x83]u[0xc8][0x96]5[0xab][0xef][0x97][0x11][0xa0][0xbd]w[0x8b]n[0xd3]AY}[0xfb]~[0xa8]&amp;[0xe9][0xb7]bY[0x7][0xb7]-[0xcd][0xb9]4[0xc9][0xa2]$[0xff][0xf8]u[0x12][0xe9]&quot;[0xed][0xeb][0x1c][0xd4]Ku[0x9b][0x86][0x8c][0xea][0x8e]Z[0xf5][0xc][0xd6];[0x10][0xd5][0xf3]`]_[0xbf][0xa8][0x3][0xdb][0xd2][0xaa];[0xfb]h[0x96][0xac]w[0x15]T[0xcf][0x93]u[0xdc]][0x8b]B[0x5][0xfb]H[0xa8]Z[0xa4]o}[0x93]5[0xbf]=[0x94][0xf5][0x12][0xe5][0x9c]S[0xd6]F:,:&quot;
00:00:59.089 [main] DEBUG org.apache.http.wire -  &lt;&lt; &quot;[0xc2]4[0xa4][0xdf][0xa5][0xa3][0xba]dFo[0xf5][0xb1][0xdf][0xb7][0xfa][0xa6][0x92][0xa4]V?[0xb9][0xfa]}l7=[0x7]kP[0x92][0xfd][\r]gSo[0x8b]c[0xee][0xea][0x83]B[0x15][0xfe][0xbb]bT=[0xa7][0xe9][0xd8][0xa4][0xb8]6[0xf4]lu[0xf6]Yc[0xb0][0xde]5R=[0x8b]u[0xc8]|ym[0xf4][0xf9][0xc8][0xf4]D}[0xd7][0x86]k[0xaa]N[0xd5]E[0xda]k[0x3]u[0x9b][0xc6][0xc1][0xfa][0xfc][0x81][0xf6][0x9b][P[0x87]l[0xf9][0x82]U[0xf7][0xdf][0xaf]9[0xe][0xd6][0xef][0xdc][0xcd]z[0xe2][0xa8]zm[0x90][0x8e][0xa9][0xba]ELr[0xdc][0xda]W#[0xa2][0x5][0xda]w[0xf4][0xac][0x3][0xb4][0xaf]UX[0xb7]i`[0xbf][0xbd][0xea]HG[0xb2]&gt;K[0x9a]u[0xe9][0x96][0x17]m[0xb9][0xef][0xad]@o[0x92][0xac][0xbe][0xea][0x83][0xf6]5[0x3]k[0xb1]&gt;a[0xaa]&amp;h_Q[0xb0]^[0xa6][0xe3] [0xed][\n]&quot;
00:00:59.089 [main] DEBUG org.apache.http.wire -  &lt;&lt; &quot;[0x92][0xe][0x19][0xd5][0x12][0xd5]*[0xa4]V![0xa5][\n]&quot;
00:00:59.089 [main] DEBUG org.apache.http.wire -  &lt;&lt; &quot;}[0xee]6-[0xd2]wO1[0xa5][0x9c][0xfb][0xcc]n[0x1a][0xaa][0x93][0xb4][0xab]@:[0x92]u[0x89]j[0x15][0xa6]Var[0x15][0xfa],[0xa9]Z[0xac]}[0x4][0x6][0xdd][0xa0]}[0xe]e[0x9d][0xaa][0x8b][0xb4][0xab][0x0][0xaa][0xfd].Q[0xad]Ba[0x15][0xf4]|[0x14][0xb7][0xf6]9[0x5][0xb4][0xcf][0x1a][0xa4][0x3][0xb4][0xcf][0x1a][0xac][0xdb]4[0xb0][0xdf][0xef]3&gt;[0xd6][0xa9]3[0xaa]/g[0xd0]u7[0x17][0x95][0xb6]_[0x15]X;gPl[0xab][0x15]L[0xa9]`[0x9f]5L[0x13][0xb4][0xcf][0x1a][0xac][0x97][0xea]6[0x1d][0x7][0xa9]V0[0xb5][0x82][0xd9][0x15][0x4][0x95][0xb6]Z[0xc1][0xec][\n]&quot;
00:00:59.090 [main] DEBUG org.apache.http.wire -  &lt;&lt; &quot;[0xa2]b[[0xad][0xe0][0xe4][\n]&quot;
00:00:59.090 [main] DEBUG org.apache.http.wire -  &lt;&lt; &quot;[0xf6][0x19]G[0x14]j[0xd4]g[0x1c][0xd5]P[0xc5]1k}[0xa7]Vpj[0x5]gW[0x10]T[0xda]j[0x5]gW[0x10][0x15][0xdb]j[0x5][0x8b]+[0xd8]g+UH[0xb2][0xcf]V[0xa2]Su[0x91]j[0x5]K+XZ[0xc1][0xea][\n]&quot;
00:00:59.090 [main] DEBUG org.apache.http.wire -  &lt;&lt; &quot;[0x82]J[[0xad]`u[0x5]Q[0xb1]-U[0xd0][0xbe]}[0xd7]z7[0xbf]X[0xd7]o[0xba]M[0xc7][0xa1]z[0xaa][0xe][0xd5]PM[0xd6][0xad]c[0xde][0xdf][0x98]YO[0xd5][0xa1][0x1a][0xaa][0xa9]:UKu[0xa9]^[0xaa][0x90]U[0xae]A:`F[0xff]=9Y[0xac][0xeb]7[0xbd]T[0xb7][0xe9]y[0xa8][0x9e][0xaa]C5X[0xf7]7f[0xd6]mz[0x1e][0xaa][0xa7][0xea]P[\r][0xd5]T[0x9d][0xaa][0xa5][0xba]T1+[0xdc][0x8f][0xfa][0xdb][0xe0][0xa2][0xe3][0xc7][0xfd][0xf7][0x8f]ov[0x91][0xe][0xd5][0xa9]Z[0xaa]K[0xf5]R[0xdd]&quot;
00:00:59.091 [main] DEBUG org.apache.http.wire -  &lt;&lt; &quot;[0xac][0x83][0xfa][0xed]o[0x85][0x81]vV[0xa8]C5TSu[0xaa][0x96][0xea]6[0x8d]C[0x15][0xe6][0xdb]WA[0xa2][0xa9]:UKu[0xa9]^[0xac]C5[0xce][0xf9][0xf7]=[0xe5][0xd3][0xa1][0x1a][0xaa][0xa9][0xea][0xa3]*[0xd5][0xa5]z[0xa9]n[0xd3]8Hi[0xe5][0xac]G[0xc7][#[0xd1][0xf8][0xea][0xb][0xfa][0xdc][0x12][0x9a][0x9e][0xa1][0x9a][0xaa][0x93][0xb4][0xaf][0x90]Q[0xa5][0xed][0xb3][0xb4]X[0xaf];.[0xd2][0xef][a[0xac][0xc3][0xfa]}[0x9b][0x93]j[0x8d]Bj[0xd4][0xdf][0x83][0x2][0xd5][0x1a]E[0xd7][0x8]5U[0xb1][0xdf][0xae][0x11][0xaa][0xb6][0x1d][0xd8][0xaf][0xd6]([0xb4]F[0xa1]5[\n]&quot;
00:00:59.091 [main] DEBUG org.apache.http.wire -  &lt;&lt; &quot;[0xad]Qh[0x8d][0xf2][0xab][0x11][0xeb][0xe0]$Sk[0x94]]#[0xd4]T[0x9d][0xa4]]#Tk+[0xa3][0xd2][0x1a][0xa5][0xd6]([0xb5]F[0xa9]5J[0xad][0xd1][0xd4][0x1a][0xcd][0xef][0x89][0x1c][0xa9][0xd6]hv[0x8d]PSu[0x92]v[0x8d]P[0xa5]mi[0xdb]%Yi[0x5][0xa7]Vpj[0x5][0xa7]Vpj[0x5][0xb]+[0xd8][0xdf]([0x1b][0xa4]Z[0xc1][0xea][\n]&quot;
00:00:59.091 [main] DEBUG org.apache.http.wire -  &lt;&lt; &quot;[0xa2][0xa6][0xea]$[0xed][\n]&quot;
00:00:59.091 [main] DEBUG org.apache.http.wire -  &lt;&lt; &quot;[0xa2]j[0xdb]q[0xb0].Q[0xad]`i[0x5]K+XXA[0xbd][0xde][0xb8]n[0xed][0xeb][\r][0xd6]1T[0x83][0xf5][0xbb][0x82]&quot;[0xcd][0xfb][0x8f]u[0xea][0xa8][0x8a][0xfa][0xed][0xb7]E[0x81]&gt;9[0x9f][0xa0]}f&apos;}6.*[[0xd6]4[0xa2][0xd3]@[0x9d][0xac]S[0xc7][0xfc],[0x0][0xd2][0xef][0xe9][0x16][0xa9]d[0xd5]gX[0xd1]8T[0xb1][0xad]f[0x95][0x9d][0x15][0xea]d[0x9d]:[0xe6]uwM[0xfa]=[0x93]![0xd5][0xac][0xa6]f[0xf5]}rq[0xa9]n[0xd3][0xb1]H[0xdf]4B[0xb5]X[0xa7][0x8e][0xb9]tT[0x9b]*[0xf8][0x9d][0xad]x?*[0xcd][0xaa][0xdf][0xa6][0xcb]z[0x99][0xe][0xec][0xb7][0xd7][0x15][0xea]d}[\n]&quot;
00:00:59.091 [main] DEBUG org.apache.http.wire -  &lt;&lt; &quot;[0xc1]Z0[0xdf]~2FJ[0xeb]j[0xdf][0xda]Go[0xd2][0xfb]o[0x92]~[0xd5]&apos;[0xed][0xea][0x83]j[0xdb][0xf5][0xf7][0xb9]X/[0xd1]&gt;&quot;[0x91][0xe]L[0xe3]=[0x87][0x16][0xeb][0xf9]c[0xce][0xf0]?v[0xb5][0xf6]yAt$h[0xbe][0xf][0xfa][0xe5][0x8c][0xaa][0xa3]*J[0xb2]_f[0x8a][0xa3][0xc2][0x1a][0xf5]ya[0xb2][0xde]Y[0xa1]r[0xce]}N1=![0xe7][0xfe][0x14][0x1e][0xb4]s[0x6]=[0xa7][0xe9][0x80]4[0xfa]Wo[0xa2][0x9b]Tr[0xee][0xf7]o&quot;
00:00:59.098 [main] DEBUG org.apache.http.wire -  &lt;&lt; &quot;[0xb0]J[0x92][0x9c]s[0x9f][0x8f]T[0x83]5U[0x9f][0xe6][0xa6]g[0xb1]&gt;[0x87]h[0xd2]&gt;[0xaa][0xa0]^[0xa4][0x92][0xb3]|[0x9a][0xb6][0xfb]s+T[0xce][0xb9][0xcf]e[0xac][0xcf][0x5][0x98][0xa8]l[0xb9]sF[0xd5][0xb6]C[0xda][0xae][0xfb]O[0xf5]b[0xbd][0xa0][\n]&quot;
00:00:59.099 [main] DEBUG org.apache.http.wire -  &lt;&lt; &quot;[0xf6][0xd9][0xd3][0xc6][0xf7][0x5][0xb5]B[0xce]W[0xc9]zn[0xbd][0xf];[0xa0][0xbd][0x9e]E[0x8b][0xb4][0xab]@z[0xa6]([0xcc][0xa8]W;[0xe9][0x9b][0x15]n[0xb9][0xb3]B-[0xd0][0xd2]$[0x8b][0x93][0xec][0x15][0xab]z[0x91]v[0x92][0xa8]ST[0xfa][0xd5]$[0xb][0x93][0xfc]}[0xd5][0xd5][0x8f]I[0x8e][0xbf][0xce][0x7][0xc7]{[0xb2]b[0xbc][[0x1e][0x80][0xdf][0x92][0x3]|[0xc7]{![0x9e][0xf7][0x1f]`[0x8f][0x96]p[0x19]^[0x82][0x1]}~WF[0x8c]w[0xe3][0xb][0xf0][0xbb]j[0x2][0xfc][0xe][0xc9][0x80][0x16][0xc2]w[0xf9][0x11][0x86]e[0xb8][0x4][0xe3][0x0][0xb4][0x84][0xf2]M[0xe8][0x0]|[0x13]Z[0x88][0x9][0xf1][0xf5]O[0xc5][0x0]![0xa1][0xbe]p[0x18][0x86]aX[0x86][0([0x4][0x8b][0xef][0xfb]y[0xd9]F[0x1c][0xb0][0xb][0xf6]a[0x1f][0xf0]I[0xe8][0x10][0x1c][0x9][0xd8][0x9f][0x84][0x12][0x86][0xa0]ov[0xb][0x6][0x8d][0xd6][0xe2][0xab]7[0xbe][0xb][0xf0][0x8d]o[0x2]~[0xc7]z[0xc0][0x8e][0xf]p[0xc][0xc0][0x8e][0x8f]0[0xc][0xd3]p[0x19]^[0x86][0x1b][0xd0][0x82]/[0x8][0xfe][0xfe][0xf7][0xef][\r][0xf4]B[0xbc][0xfe][0x1e][0x88][0xf7][0x9f][0xe3][0x5][0xc8][0x3][0xea][0xb7][0xca][0xb][0x86]a[0x1a].[0xc3][0xcb]p[0xb][0x9e][0x87]![0xcd][0xf3][\r][0xbe][0x4][0x7][0x8d][0xf6][0xad][\n]&quot;
00:00:59.099 [main] DEBUG org.apache.http.wire -  &lt;&lt; &quot;[0xb4][0xec][0xf3][\n]&quot;
00:00:59.099 [main] DEBUG org.apache.http.wire -  &lt;&lt; &quot;b[0x1a].[0xc1][0xa0]yZ=[0xb3][0xeb]I[0x18][0x86]e[0xb8][0xc]/[0xc3][\r][0xc8][0xf5][0xec][0xf]&gt;[0x19][0x7][0x8d][0xf6]-[0x19][0xb4][0xec][0x13][0x1d]b[0x18][0xa6]![0xcd][0xd3][0xea][0x99]T[0xcf][0xbe][0xc3]Q[0x1c][0x86][0xd3][0xb0][0xc][0x97][0xe1][0x5][0x88][0xc5][0xee]3/#$[0xd4][0xb7][[0x8c]c[0x18]R[0x8]&quot;
00:00:59.100 [main] DEBUG org.apache.http.wire -  &lt;&lt; &quot;[0xef]2[0xb9][0x18][0xb9]*o[0xb1][0xf]Cm9[0xc][0xc3]0[\r][0xa7]a[0x19]nF[0xae][\n]&quot;
00:00:59.101 [main] DEBUG org.apache.http.wire -  &lt;&lt; &quot;[0xad][0xdb][0xbe][0x9f]TL[0xc3]iX[0x86][0xcb][0xf0]B[0xc][0x8c][0xaf][0xfa][0xb5][0x87][0x84][0x1b][0xb0][0xcf]+[0x80][0x94]m[0xf5]I[0x7][0x10][0xfb][0xec][0xa5]Ix[0x1a][0xe][0xc3]0L[0xc3]iX[0x86][0xcb][0xf0]b[0xd4][0x84]8xX[0xd4][0xf1][0xe0][0xf7][0x8a][0xda]&quot;&lt;[0xcf][0xbb]1`&apos;Dx[0x1][0xf2][0x80][0xfa][0xf2][0x83]1[0xe]@[0xde]l[0x9f]&quot;[0x5][0x3][0xd0][0xfa]L[0xee][0xb3][0xcf]H[0x80]= [0xc0][0x0][0xb4][0x1]M[0x1b]P[0xe1][0x80]z_1[0xc][0xc3][0xcb]p[0x3][0xd2]Tl[0xdd][0xe6][0x8d][0xfd]Jg[0xc0];[0x87]%8.@X[0xd4]7[0xf6][0x8b][0x84][0x9][0xe7]7 [0xc2]q[0xfc][0x84][0xfd][0x86]Z[0xc0][0xa7][0xe5]F,[0xe8][0xb3][0x1f][0xf7][0x2]&gt;[0x9][0xa5][0xe0][0x98][0x80][0xb0]L[0xd2][0x96]f[0xf2]S[0xd3][0xc6][0xa7][[0xc1][0xb3][0x0][0xfb][0x4]@x[0x19]n@[0x98][0xca]|p[0xc0][0xa5][0xc0][0xe4][0xa5][0xd9]8[0xa1]e/M[0xc0][0xa7][0xd8][0xb][0xf0][0xfb][0xf5][0x7][0xe2]wM[\r][0xf8][0xad]x[0xc6]2\[0x86][0x97]`@[0x8][0xd1][0xd9][0x12][0xe][0xc3]0L[0xc3]ex[0x19]n[0xc1][0xf3]0[0xe4]y[0xe][0xc6][0xbe]@[0x3][0xc][0xea][0xb3]W[0x1f][0xe0]i-[0x87] [0xf7][0xf9]-MD)v[0x9f]t[0x8][0xd3][0xb0][0xc][0x17]#O[0x85][0xd7]m?[0xa6][0x10][0xc][0xc3]2\[0x86][0x97][0xe1][0x16]&lt;[0xf][0xc4][0xe0][0xd1][0xf2][0x2][0xeb][0xef]&amp; BB}.c&lt;[0x9]m[0x81]%.[0xb0][0xbe](4[0xc][0xc3]4,[0xc3][0xcd][0xc8][0xd9][0xf2][0xea][0xeb][0xe7]&amp;[0x82][0xd3][0xb0][0xc][0x97][0xe1]e[0xb8][0x1][0xdf][0xc3][ &amp;[0xf][0x88]W_?Ta[0x1c][0x1c]B[0xe1][0xd9]a[0xda][0x2][0x9b][0xb4][0xc0][0xfa]bIq[0x18][0x86]a[0x1a]^[0x86][0x9b][0x91][0xb3][0xc5][0xd5][0xd7]O?[0xc][0xa7][0xe1]2[0xbc][0x10][0x87]m60[0x84][0xb2][0xf3]g[0xe1][0x1a][0xea][0xb]Q[0xc1]Ahk[0xa8]h[\r][0xf5]U[0xaa][0xe2]0[0xc][0xc3]4,[0xc3][0xc5][0xc8][0xc1][0xd3][0xea][0xfb][0xf5][0x82][0x9b][0xee][0x5][0xeb][0xc6][0xbe][0x1a][0x7][0x9c][0x8e]g[0xfd][0x84]}!J8[0xc1][0xeb]gLk9[\r][0xb]pu[0x8][0x84][0xde][0xf2][0x94][0x96][0xb0][0x12][0x16]&apos;[0xd4]8[0x5]Oi[0x89]}v|[0x80][0xb6][0xd9][0xc4][0xcd]v[0xf0][0x80][0xb6][0xd9]I[0x9b][0xfd][0xb5]dE[0x9b][0xb5]][0xf0][0xe2]b7[0xce]_[0xf0]B\[0xf7]&quot;
00:00:59.109 [main] DEBUG org.apache.http.wire -  &lt;&lt; &quot;[0x98][0x0][0xbf][0xd7]i[0x0]~[0xdf]H[0x6][0xc4][0xa9][0xf4][0x1a]B[0x9c][0xbf][0xe0][0x5]hS[0x9][0x9b]J[0xd8]T[0x2][0xa7][0xd2]K[0xd3][0xf0][0x2][0xb4][0xd1][0xa6][0x8d]6m[0xb4][0x89][0xa3][0xed][0x15]ox[0x1][0xda]h[0xa7][0x8d]v[0xd2]h[0xe1][0xc2][0xa5][0xb1]w$Dji[0xa3]-[0x1b]m[0xd1]hm[0xff][0xdc][0xb4][0xb]6Z[0xcb][0xb0][0x96]a-[0xd3]Z[0xa6][0xb5][0x9c][0xd4][0x12][0xaa][0xd2]X[0xd4][0xd2][0x12]:[0xf]9[0x84][0xb5][0xce][0xdf]4I[0xb9][0xdf]&gt;[0xde][0xb0][0xa6][0xb6][0x9d][0xd2][0x96][0xfb][0xed][0xf2][0x98][0x9e][0xd8]V[0xb7]&lt;q[0xcb]T[0xbf]O[0xfb]Rx[0x90][0xe2][0x96][0xb5][0xbe][0xa7][0xd4][0xb7][0xf5][0xb9]m7[\r][0xd4][0x1e][0x15][0xe9]y[0xb1]^[0x9f][0xa1][0x9a][0xaa][0xa5][0xba]@[0xfb][0x11],h_[0x8b][0x83][0x96][0xea]R[0xbd]T7h[0xef])[0xac]C5TSu[0xa9]^[0xaa]:[0xa3][0xf3]P[0x95][0xf9][0xa6][0xce]wjVS[0xfb][0xbd][0xee]B[0xa8][0x86]j[0xaa][0x16]i[0xdf][0x1e][0xa2][0xa6][0xaa]oy[0x99][0xc6][0xa1][\n]&quot;
[...]
00:00:59.195 [main] DEBUG org.apache.http.wire -  &lt;&lt; &quot;Y[0xc5][0x88][0x89]jZsLVG[\r][0xd4]D-[0xd4]F][0xa0][0xd8][0xdf][0x1a][0xee][0xa8][0x81][0x9a][0xa8][0x85][\n]&quot;
00:00:59.195 [main] DEBUG org.apache.http.wire -  &lt;&lt; &quot;[0x15][0xad][0xe1][0x13][0xd5]P[0x1d]5P[0x13][0xb5]P[0x1b]u[0xa1]n[0xd4]C[0x1a][0x13][0x15][0xb2][0xda]c[0xb2]:j[0xa0]&amp;j[0xa1]6[0xea]B[0xdd][0xa8][0x87][0xd4]&amp;[0xaa][0xa1]:j[0xa0]&amp;j[0xa1]6[0xea]B[0xdd][0xa8][0x87][0xd4]&apos;[0xaa][0xa1]:j[0xa0]&amp;j[0xa1]6[0xea]B[0xdd][0xa8]G[0xea][0xb7]&apos;D-[0xd4]F][0xa8][0x1b][0xf5][0x90][0xc6][0xd4][0xea][0xc3][\r][0xd5]Q[0x3]5Q[0xb][0xb5]Q[0x17][0xea]F=[0xa4]1QMh[0xfb]IV[0xd7][0xea]8[0xf6][0xaa][0xa3][0x6]j[0xa2][0x16]j[0xa3].[0xd4][0x8d]zHm[0xa2][0x1a][0xaa][0xa3]BV1[0xdc]P[0x1d]5P[0x13][0xb5]P[0x1b]u[0xa1]n[0xd4]C[0x1a][0xd0][0x85][0x1a][0x96][0xa8][0x85][0xda][0xa8]K[0xea][0xb7]sCm[0xd4][0x85][0xba]Q[0xf]iLT[0xd3][0xba][0xc7]du[0xd4]@M[0xd4]Bm[0xd4][0x85][0xba]Q[0xf][0xa9]MTCu[0xd4]@[0xcd]O[0x95][0x16]j[0xa3].[0xd4][0x8d]zH}[0xa2][0x1a][0xaa][0xa3][0x6]j[0xa2][0x16]j[0xa3].[0xd4][0x8d]zHc[0xa2]BVgLVG[\r][0xa9][0xdf]~[0x12][0xb5]P[0x1b]u[0x81]R[0x92][0xdf][0xae][0xf]5P[0x13][0xb5]P[0x1b]u[0xa1]n[0xd4]C[0x1a][0x13][0xd5][0x84].[0xd8][0xf5][0xc1][0x1b][0xc8][0xf8][0xd1]z[0xbb] [0xa5]6Q[\r][0xd5]Q[0x3]5Q[0xb][0xb5]Q[0x17][0xea]F=[0xa4]&gt;Q![0xab][0x1c][0xd3]Q[0x3]5Q[0xb][0xb5]Q[0x17][0xea]F=[0xa4]6Q![0xab][0xc2][0xee][0xaf]a[0x81][0x9a][0xa8][0x85][0xda][0xa8][0xb]u[0xa3][0x1e]R[0x9f][0xa8][0x86][0xea][0xa8][0x81][0x9a][0xa8][0x85][0xda][0xa8][0xb]u[0xa3][0x1e][0xd2][0x98][0xa8][0x90][0xd5][0x1e][0x93][0xd5]Q[0x3]5Q[0xb][0xb5]Q[0x17][0xea]F=[0xa4]6Q[\r][0xd5]Q[0x3]5Q[0xb][0xb5]Q[0x17][0xea]F=[0xa4]&gt;QM[0xaa][0xcd]a[0x8e][0x1a][0xa8][0x89]Z[0xa8][0x8d][0xba]P7[0xea]![0xf5][0x89]j[0xa8][0x8e][0x1a][0xa8][0x90][0x95][0xf]7TG[\r][0xd4]D-[0xd4]F&quot;
00:00:59.207 [main] DEBUG org.apache.http.wire -  &lt;&lt; &quot;][0xa8][0x1b][0xf5][0x90][0xc6]D5[0xa1][0xfd][0xed]6Y][0xab][0x8f][0xb9]Q[0xf][0xa9]MTCu[0xd4]@M[0xd4]Bm[0xd4][0x85][0xba]Q[0xf][0xa9]CV1[0xbc]P[0x1b]u[0xa1]n[0xd4]C[0x1a][0x13][0x15][0xfa][0x9b]c[0xb2][0xba][0xd6][0x1a][0x13][0xea][0xed][0xe1][0xb]u[0xa3][0x1e]P[0xac]w[0x8d]i[0xa8][0x8e][0x1a][0xa8][0x89]Z[0xa8][0x8d][0xba]P7[0xea]![0xb5][0x89]j[0xa8][0x8e][0x1a][0xa8][0x89]Z[0xa8][0x8d][0xba]P7[0xea]![0xf5][0xf9][0xa9]RCu[0xd4]@M[0xd4]Bm[0xd4][0x85][0xba]Q[0xf]iLT[0xc8]j[0x8f][0xc9][0xea][0xa8][0x81][0x9a][0xa8]%[0xd5][0xe6][0x98][0x81][0x9a][0xa8][0x85][0xda][0xa8][0xb]u[0xa3][0x1e]R[0x9b][0xa8][0x86][0xea][0xa8][0x81][0x9a][0xa8][0x90][0x95][0xf][0xf][0xd4]D-[0xd4]F][0xa8][0x1b][0xf5][0x90][0xc6]D5[0xa1][0xb]v[0x8c][0xf0][0xf6]2[0xb4][0xbe]=a[0xa2][0x16]j[0xa3].[0xd4][0x8d]zHm[0xa2][0x1a][0xaa][0xa3][0x6]*d[0xf5][0xb3][0xb]B[\r][0xd4]D-[0xd4]F][0xa8][0x1b][0xf5][0x90][0xda][0x4][0xc5].[0xd4][0xb0]Bm[0xd4][0x85][0xba]Q[0xf][0xa9]OTCu[0xd4][0xd0][0xba][0x86][0xb1]&amp;j[0xa1]6[0xea]B[0xdd][0xa8][0x87][0xd4]&apos;[0xaa][0xa1]:j[0xa0]&amp;j[0xa1]6[0xea]B[0xdd][0xa8][0x87]4&amp;*d[0xb5][0xc7]du[0xd4]@M[0xd4]Bm[0xd4][0x85][0xba]Q[0xf][0xa9]MTCu[0xd4]@M[0xd4]Bm[0xd4][0x85][0xba]Q[0xf][0xa9]OTCu[0xd4]@M[0xd4]B[0x15]Y[0xbd]7[0xae][0xa0][0x1b][0xf5][0x90][0xfa]D5TG[\r][0xd4][0xd4][0xea][0xc3][\r][0xd5]Q[0x3]5Q[0xb][0xb5]Q[0x17][0xea]F=[0xa4]1QMh;dVG[\r][0xd4]D-[0xad]&gt;[0xa6][0xa1]:j[0xa0]&amp;j[0xa1]6[0xea]B[0xdd][0xa8][0x87][0xd4][0xa6][0xd6][0x18][0xe][0x15][0xd5][0x98][0x8d][0xba]P7[0xea]![0xb5][0x89]j[0xa8][0x8e][0x1a][0xa8][0x90]F[0xf]_[0xa8][0x1b][0xf5][0x90][0x6][0xd4][0xbb][0xc6]4TG[\r][0xd4]D-[0xd4]F][0xa8][0x1b][0xf5][0x90][0xda]D5TG[\r][0xd4][0xfc]Ti[0xa1]6[0xea]B[0xdd][0xa8][0x87][0xd4]&apos;[0xaa][0xa1]:j[0xa0]&amp;j[0xa1]6[0xea]B[0xdd][0xa8][0x87]4&amp;*d[0xb5][0xc7]du[0xd4]@M[0xd4]Bm[0xd4][0x85][0xba]Q[0xf][0xa8][0xb8]B[0xdf][0x9b]^[0xd4]Bm[0xd4][0x85][0xba]Q[0xf][0xa9]MTCu[0xd4]@MT[0xc8][0xca][0x87][0x1d]R[0x9f][0xa8][0x86][0xea][0xa8][0x81][0x9a][0xa8][0x85][0xda][0xa8][0xb]u[0xa3][0x1e][0xd2][0x98][0xa8]&quot;
00:00:59.214 [main] DEBUG org.apache.http.wire -  &lt;&lt; &quot;&amp;t[0xc1][0xe][0x19][0xde]0[0xd7][0x8f][0xd6][0xa5][0xff][0xd3]@M[0xd4]Bm[0xd4][0xa5]5FLT[0xd3][0x9a]c[0xb2]:j[0xa0]&amp;j[0xa1]6[0xea]B[0xdd][0xa8][0x87][0xd4]&amp;*dU[0xc3]J[0xea][0xb7][0xcf]AM[0xd4]Bm[0xd4][0x85][0xba]Q[0xf][0xa9]OTCu[0xd4]@M[0xd4]Bm[0xd4][0x85][0xba]Q[0xf]iLT[0xc8]j[0x8f][0xc9][0xea][0xa8][0x81][0x9a][0xa8][0x85][0xda][0xa8][0xb]u[0xa3][0x1e]R[0x9b][0xa8][0x86][0xea][0xa8][0x81][0x9a][0xa8][0x85][0xda][0xa8][0xb]u[0xa3][0x1e]R[0x9f][0xa8]&amp;[0xf5][0xdb][0x13][0xa2]6[0xea]B[0xdd][0xa8][0x87][0xd4]&amp;[0xaa][0xa1]:j[0xa0]&amp;j[0xa1]6*d[0xe5][0xc3][\r][0xd5]Q[0x3]5Q[0xb][0xb5]Q[0x17][0xea]F=[0xa4]1QMh[0xbb]&gt;V[0xd7][0xea]8[0xf6][0xaa][0xa3][0x6]j[0xa2][0x16]jk[0x8d][0xe1][0x89]Z[0xa8][0x8d][0xba]P7[0xea]![0x8d][0x9][0x8a][0xfd][0xcd]1Y]ka[0x92]=|[0xa1]n[0xd4][0x3][0x8a][0xf5][0xae]1[\r][0xd5]Q[0x3]5Q[0xb][0xb5]Q[0x17][0xea]F=[0xa4]6Q[\r][0xd5]Q[0x3]5Q[0xb][0xb5]Q[0x17][0xea]F=[0xa4]&gt;Q[\r][0xd5]Q[0x3]5Q[0xb][0xb5]Q[0x17][0xea]F=R[0xdf][0xce]\)d[0xb5][0xc7]du[0xd4]@M[0xd4]Bm[0xd4][0x85][0xba]Q[0xf](][0xa1]6[0xff]O[\r][0xd5]Q[0x3]5Q[0xb][0xb5]Q[0x17][0xea]F=[0xa4]&gt;Q[\r][0x15][0xb2][0xf2][0xe1][0x81][0x9a][0xa8][0x85][0xda][0xa8][0xb]u[0xa3][0x1e][0xd2][0x98][0xa8][0xf6]/[0x8d]?[0xec][0x7][0xfd]g[0xd3]g![0xd1][0x87]-[0x89]5[0xbc]$[0xae];[0x98]0$n[0x98][0xed][0xf7]@&amp;[0xd1][0xc6]&lt;[0x80]&gt;[0x9]M[0xa2]K[0x8c]/[0xbe]-[0xf1][0xe].[0x89]5&lt;[0x5]R|A[0xf1][0xc5][0x17][0xdf]T[0xf8][0xdd]a$[0xda][0x1d][0xc][0xe8]M[0xb8]$[0xba][0xc]&gt;[0xbf][0xf8][0x96]D[0x1f][0x96][0x12]kx[0x8][0xa4][0x84][0xf2]&apos;!?[\n]&quot;
00:00:59.215 [main] DEBUG org.apache.http.wire -  &lt;&lt; &quot;m[0xde][0x8f]Dc[0xf4][0x12]H[0xf1][0xd5][0x17][0x82]F[0x1f][0x16][0x12]k[0xb8][0xb][0xa4][0x10].[0x9e]1S[0xe0][0x17][0x82]K[0xb4][0xfb][0x1][0xf4][0x12]H![0xf4][0x17]BIt9[0xa1][0xfe]BX[0x12]o[0x8]&amp;[0xf1][0xc8][0xab][0xac][0xe9]L[0xe8][0x17][0x82]@[0xf][0xc2][0xfc][0x85][0xfe][0x83][0xfe][0xd7][0xcf][0x3]$[0xd6][0x98]![0xf1]&apos;AB[0x97][0xb8]aB[0xdf][0xc5]K([0xfe][0xcd][0xf8][0xeb][0x11]Xb[0x8d][0xe9][0x80][0x9e][0x12][0xf7][0xf0]P[0xf8][0xfd][0xe0]Q [0x95][0x92]?[0xc1][0xdb]R&quot;
00:00:59.215 [main] DEBUG org.apache.http.wire -  &lt;&lt; &quot;[0xf8][0xcd][0x16][0xd0]C[0xe2][0x1e].F[0xd6][0xd7]l[0xc4][0x96][0xf8][0xe3][0xff][0x8d][0xfd][0x5][0x8f][0xb8][0x5][0x8a]:C[0x9f][0x9a][0xf]k[0xd8][0x96][0xd8]#[0xa6][0xc4]=[0xc2][0x4][0x8a][0xd5]&gt;[0xf4][0x9][0xf6][0xb0][0x86]-[0x89]M#[0xb7][0x98][0xad]^?C[0x9f]C[0xf]kX[0xb]T[0x9][0xd1]r[0x15][0xb4]\[0x85]&gt;[0xc1][0x1e][0xd6][0xb0][0x12][0xa8]&amp;DK[0xc7]E[0xf5][0xe6][0xfa]&quot;[0x9d][0x9a][0xf1]n[0xe3]S[0xe2][0xcf]`[0x89]G[0xd4])~5[0xe3]b[0xd2]I[0xfd][0xd0][0x8f][0xc4][0x9b][0x83][0x1]Z[0x3][0xba][0xc6][0x86][0xd9][0xfe][0x94][0x12][0x12]}8a[0xd8]oT[0x17][0xd2]C[\n]&quot;
00:00:59.215 [main] DEBUG org.apache.http.wire -  &lt;&lt; &quot;!^[0x8][\n]&quot;
00:00:59.216 [main] DEBUG org.apache.http.wire -  &lt;&lt; &quot;7[0xa0][0x11][0xc6][0x14]H![0xc4][0x17][0x82][0xff]F[0xba]&gt;[0x1f][0xc6]T[0xf8][0xd5][0x9][0xe8][b[0xdf][0xf][0xa0][0x1d][0x81][0xaa][0x94]we[0x13][0xc6][0x94]x?[0x6]h[0x1][0x8][0x13][0xea]1S[0xa0],[0xe5][0xdd][0x13][0x4][0xd2][0xd9][0xd7][0xaf][0x14][0x85][0x9]h[0x1][0xe8]-P[0x94]R?[0xe8][0xdf][0xcf]OZb[0xc][0xdf][0x12]s[0xcc][0x2][0x84][0xc3][0xd6]0B[0x9f][0x84]%[0xb1][0xef][0x87]p[0x3][0xda][0x94][0xb8][0x87]%a[0x9][0xfc].{[0x7][0xc][0x93]hcj[0xf4][0xe1][0x93]P[0x8c][0x8c][0xbf]~1^b[0xc]G&lt;[0x12]sL[0x3][0xf4][0x96]Xcn[0xc2][0x3]hN[0xb8][0x8][0xf][0xa0][0x13][0x86]Il[0xd9][0xec][0xa0]s([0xe8][0x1c][\n]&quot;
00:00:59.216 [main] DEBUG org.apache.http.wire -  &lt;&lt; &quot;:[0x87][0x82][0xce][0xa1][0xa0][0xd3]$[0xc7]t[0xd1][0xec][0xb7][0xe8][0x0][0xd2]H7[0x89]5|[0x13][0x1e][0xc0][0x98][0x12][0xfb]~[0x8]7[0xa0][0x1]B|[0xd0][0xcf][0xa4]~&amp;[0xf5]3U?[0xdf]K[0x95][0x96][0x98][0xd7][0x9]Kb[\r][0xb][0xc2]$,@w[0xc2]T[0xf8]m[0x9b][0x9]K u[0xa5][0xa8]+E])[0xea]J[0xcb][[0xea][0xdb]&apos;[0x10].[0x89]?]#,[0xc2][0x6][0xb4] ,@G\[0x2][0xa9]+M]i[0xea]J[0x8b][0xae][0xf4]E[0xb9][0xab][0xb9][0xf8]6.[0x80]8[0xf2]H[0xbc][0xf1]-@[0xd7][0xd8][0xf7][0x3][0xe8]F[0xe8][0x2][0xbf]MDH[0xf4][0xe1][0xa9]Qd[0xfb][0xf6][0x9][0x80]G[0xe1][0xb7]O[0x0][0x84][0xc3][0xfe]l[0x5][0x0]M[0xe2][0x97]-[0xa0]OB[0x13][0xf8]e[0xeb][0x2])[0xdb][0xd0][0xd9][0xbe][0x95][0x17]p[0x3][0xba][0x1][0xc6][0x94]X[0xa2]eoq[0x5][0xdc][0x80]n[0x84][0xae][0xf0][0xdb][0xfc][\n]&quot;
00:00:59.216 [main] DEBUG org.apache.http.wire -  &lt;&lt; &quot;[0xa4]lSf[0xfb][0x96]H[0xc2] l[0x81]2[0xdb][0xb7]~[0x2][0xba][0xc4]/x@[0x9f][0x84][0xa6][0xd0]&amp;$[0x4][0xd9][0x96][0xcc]&quot;
00:00:59.222 [main] DEBUG org.apache.http.wire -  &lt;&lt; &quot;[0xf6]-t[0x84]E[0xb8]%[0xe6][0xf0]#[0xf1]&apos;A@[0xd3][0xf8][0xf3][0x1][0xf4]&quot;[0x94]#[0xcd]`B[0x90]m[0x8b]l[0xd7][0xc5][0xb7][0x96][0x9][0x8c]aG[0xe2][0xcf][0xc5]M[0xd8][0x84]G[0xe2][0xcd]v[0x1]:[0xe2][0x96]x[0xe3]][0x84]r[0xe4][0xb7][0x89]Phsx+[0xfc][0x6][0x3]z[0xfe]7[0x6]u%^W[0x4][0xba][0xc6][0x1b][0xbc][0x1][0x8a][0xf8][0xde][0x12])[0xd1][0x8]}[0x2][0x6][0xa2][0x9][0xa4][0xae][0x4]u%[0xa8]+A]I[0xea]JBW[0xde][0xe2]*[0xd1][\r]0[0xa6][0xc4][0x12][0xcd]~[0xeb]&apos; [0x8d]4B[0x9f][0x2][0xa9]+I]I[0xea]JRW[0x8a][0xba]R[0xb2]+oY&amp;l[0xc0][0x98][0x12]kX[0x2]:bI[0xec]1[0x93]P[0x8d][0xa4][0xae][0x14]u[0xa5][0xa8]+E]i[0xea]J[0xbf][0xae][0x8][0xf4]&quot;[0xdc][0x2][0xc5][0x82][0xbe]hAh[0x88][\r][0xe8][0x88]K u[0xa5][0xa9]+[0xad][0xba]B[[0x81]}[0xf1][0xad][0xd9][0x1a][0x8f][0xc4][0x1b][0xc2][0x2]t[0xc4]-q[\r]7[0x81]&quot;[0xa1][0x8b][0xef]%6[0xa0][0xff][0x17][0xbe]UP[0xa3]o[0x89]u[0x13][0x2]4B[0x9f][0x2])[0x84][0xa0][0x10][0x82]B[0x8][0x8][0xe1]-:[0x12]cJ[0xac][0xe1]Gb[0x8f][0xb9][0x9][0xd5]H[\n]&quot;
00:00:59.222 [main] DEBUG org.apache.http.wire -  &lt;&lt; &quot;!)[0x84][0x84][0x10][0xde]m\[0xa0][0xa8][0xf3][0xdd][0xc6][0x1][0x1d][0xb1][0x4]R[0x9d]Eu[0x96][0xaa][0x93]n[0x8c][0x9b]n[0x8c][0x9b]n[0x8c][0xf][\r][0xb1][0x5]R[0x9d]Mu[0xb6][0xa8][0xf3]\|[0xf][0x16][0x1a][0x8f][0xc4][0x1a][0xb6][0x0][0x1d]qK[0xec][0xe1][0xa1][0xf0][0xab]S[0xe2][0x81]:![0x4][0xf5][0xec]p[0xf1]=[0x1](Lq[0xd8]w{[0xd3]h[0x84]&gt;[0x5]RBA[0x9][0x5]%[0x14][0x94]P@Bo7.[0xd1]Mb[0x89]l[0xdf][0xbd][0xf][0x90]Fz[0x8][0xa4][0x84][0x92][0x12]JJ(eBogL[0xd8][0x12]kX[0x2]:b[0x9][0xa4][0x84][0x8a][0x12]*[\n]&quot;
00:00:59.223 [main] DEBUG org.apache.http.wire -  &lt;&lt; &quot;[0xa1]d[0x8]o#J[0xb8]%[0xd6][0xfd][0x0][0x1a]b[0xb][0xa4][0x10]Z[0x85][0xf0][0xbf][0xb7]T[0xb5]c[0xb4]y[0xf5]m[0x19]A[0x1b][0xf5]h[0xad]a[0x8b][0xd4]Y[0xb7][0xd6][0xa6]9[0xf5][0x92][0x86][0x9][0x8d][0xd7]v[0xa9]G[0xeb]M[0x3][0x8e]\7+RC[0xf5][0xa9][0x14][0xd3][0x8]L# [0x8d][0xf7][0x3][0x5][0xd2]M[0xea]p[0xe4][0xd2]I[0xe6][0xab]H[0xea]F=J1[0x8d][0x84]4[0xde][0x8f][0x0]H[0x3][0xb5][0xb5][0xd6][0xb0]$u[0xd6]R[0x8a]I[0x16][0xa6]Q[0x90][0xc6]{iO&quot;
00:00:59.230 [main] DEBUG org.apache.http.wire -  &lt;&lt; &quot;Z[0xa8][k[0xdd][0xf][0xa9][0xb1][0xb6]R[0x99][0xc6][0xff][0xdf]&apos;[[0xa5]aW[0xdf]][0x14][0xb4]I}I[0xfd]*&quot;[0xf5][0xd2][0xba][0x86][0x85][0xd6]=lJ[0xb5]I[0xf5]~x[0xa6][0xd5][0x87][0x8b][0xb1][0xef].[0xaa][0xb4][0xc6][0xdc][0xa4][0xb6][0xb4][0xae]a[0xae]u[0xeb]9[0x7][0xd4][0xb])[0xc6][0xf0]ep[0x9f]|[\n]&quot;
00:00:59.230 [main] DEBUG org.apache.http.wire -  &lt;&lt; &quot;[0xf5][0xbe][0x9f][0xa0][\n]&quot;
00:00:59.230 [main] DEBUG org.apache.http.wire -  &lt;&lt; &quot;][0xc3]L[0xeb][0x86]#C[0xbd][0xf0]w_[0xf6][0xee]fKk[\r]KRw[0xa5]8[0xab][0xc2]Y5[0x9c]W[0xef][0xae][0x2]j[0xa1][0x14]g[0xd5]jV~[0xf5][0xfd][0x0]N[0xe9]M[0xb2]H[0x1d][0xb4][0xc7]t[0xa9][0xdf]~Q[0xea][0xb7]aDu[0xd4][0x14][0x1a]o[0xce]R[0xb7]R[0x98][0xf3]{ $u[0xd4][0x14][0x9a]0[0xe7][0xf7][0xb6]L([0xcc][0xf9]=[0xa2][0x91]:j[\n]&quot;
00:00:59.230 [main] DEBUG org.apache.http.wire -  &lt;&lt; &quot;-[0x9c]s[0xe1][0x9c][0xb][0xe6][0xfc][0x9e][0xa8]H[0x1d]5[0x85][0xf6][0x9b][0xb3][0xd4][0xa3][0x14][0xe6][0xfc][0x1e][0x80]H[0x1d]5k[0xbc]+[0x94][0xb5]P[0x1b][0xf5]h[0xbd]a.Rg[0xdd]R[0xbf]}[0xe]i[0x98][0xd0][0xbf][0xd6][0xee][0x85][0xba]Q[0x8f][0xd6][0x9b][0x86][0x81][0xe2][0x91]K$[0xf9][0xf6][0xc][0xa8]8[0xd6][0xa7]RL2 [0xc9][0xf7]lE[0xba]I[0xdd]Hc*[0x85]4[0xe0][0xb9],[0xde]nd[0xa3][0xca][0xb1][0x98]UBV[0xef][0xc9][0x8b]4P[0x1b]Td[0xf5]v2[0xa8][0x8b][0xd4][0x13][0xb5][0x94]bV[0x5]Y[0xbd][0xe7]2[0xd2]B[0xdd]ZS[0x9c][0x1b]oEj[0xac][0x8d][0xba][0x94]BV[0xf0][0xd4][0x96]W[0xdf][0xde]Li[0x8c][0x98]Z.[0x16]P&lt;[0xf2][0x1a][0xe]c[0xf7][0x98][0x86][0x1a][0xa4]VR[0xbf]?[0xe6]Eu[0xad]F[0xb3][0xba][0x9f]Y[0xa8][0x8d][0xba]I[0xdd][0x84][0x6]t[0xf0][0xfd]&amp;[0x15][0xa8]oT[0x18][0xb][0x1d][0xc][0xec]B[0xbc][0x9c][0x95][0x86])[0xc5].[0xc4][0xcb]Y[0xea]F=B[0x13]sN[0xc8][0xf9][0xad]t[0xa4][)[0xe6][0x9c][0x98]sb[0xce][0x89]9&apos;[0xe6][0x9c][0x98]sb[0xce][0x89]9[0x17][0xe6]\[0x90][0xf3][%IC)[0xe6]\[0x98]sa[0xce][0x85]9[0x17][0xe6]\[0x98]sa[0xce][0x85]97[0xe4][0xfc]~[0x9][0xd4][0x13][0xb5][0xb4].P[0xcc][0xb9]1[0xe7][0xc6][0x9c][0x1b]sn[0xcc][0xb9]1[0xe7]V9[0xd7][0xd5][0xb7]J[0x82][0xc2][0xd8][0x1a]sk]c[0xb6][0xd6]3\[0x8f][0xb5][0x89]j[0xc3][0x96]R[0xb5][0xdf][0xb8][0xfa][0x9e]b@}+[0xc5]z[0x3][0xeb][\r][0xac]7[0xb0][0xde][0xc0]z&quot;
00:00:59.233 [main] DEBUG org.apache.http.wire -  &lt;&lt; &quot;[0x3][0xea]}O&quot;[0xa0]1[0x95]b[0xbd][0x89][0xf5]&amp;[0xd6][0x9b]Xob[0xbd][0x9][0xf5][0xbe][0xa7][0x9][0xd0][0x98]J[0xb1][0xde][0xc2]z[0xb][0xeb]-[0xac][0xb7][0xb0][0xde][0x82]z[0xe1][0x89][0xa0][0xe0][0x89][0xe0])[0xd4][0xdb]Xoc[0xbd][0x8d][0xf5]6[0xd4][0xb][0xcf][0xb]}[0xf5]=[0x11]([0xcd]1[0xb][0x95][0xc7][0x1e][0xad]5l[0x91]:h[0xf]7T[0x17][0xfa]v[0xf5]B[0x1d]*[0x82]$[0xdf][0xee][0x9a][0xf4]h[0xbd]Y[0x19]([0x1e][0xf9][0xe7]b!5[0xd0][0x1e]&gt;QM)&amp;[0x19][0x98]d@[0x92]o[0xff]L[0xba]I[0xdd]Hcj-[0xd5][0xa3][0xf7].[0x8][0xd4][\r][0xd5][0x95]b[0x92][0x89]I&amp;$[0xf9]v[0xc8][0xa4][0x81][0xda][0xa0]&quot;[0xc9][0xf7][0x1e][0x89][0xd4]A[0xe1][0x9c],[0xcc][0xb9]0[0xc9][0xc2]$[0xb][0x92]|{`[0xd2]B[0xdd]ZS[0x9c]u[0xef]-[0x13][0xa9][0x81][0xf6]p[0xd6]V[0x8a]I6$[0x9]+[0xce][0xba][0xfa][0xd6][0x14][0xd0]F=Zo[0x1a][0x8b][0xd4]Y[0xb7][0xd6][0x1b][0xd7]B[0x85][0xb1][0xfb]&amp;Ij%[0xd5][0x8c][0xc6][0x9a][0xab][0x17]V[0x9c][0xab]o[0xc5][0x1][0x15]i[0xbc][0x15][0x7][0xd4]P}[0x92][0x6][0xab])[0xc5][0x9c][0x3]s[0xe][0xcc]9 [0xe7][0xb7][0x1e][0x81][0xba][0x91][0xc6][0xd4]Z[0xa2][0x83]o=B[0xc5][0xb1][0x86][0xea]S)[0xe6][0x9c][0x98]sb[0xce][0x9]9[0xbf][0xd5][0x8a][0xb4]AE[0xce]o[0xb5]&quot;u[0xd6][0xd2][0xda]c&amp;*[0x8c][0x85][0x9c][0xb]s.[0xcc][0xb9] [0xe7][0xb7][0x96][0x91][0xc2][0xd8][0x14]g[0xec][[0xcb]H[0x8d][0xb5]I[0x9d]u)[0xc5][0x9c][0x1b]sn[0xc8][0x19][0xde]#[0xed][0xab]o[0xa5][0x3]=B[0xe5][0xbd][0xfd]*[0xdc][0xdb][0xaf][0xc2][0xfd]j[0xe3]U[0xb6][0xe9][0xdc][0xf0][0xa0][0x8a]&lt;h[0xce][0x1e]4+[0xf][0x9a][0x95][0x7][0xce]*qVI9{[0xe2][0x9c][0x93]r[0xf6][0xc4][0x8a][0x9e][0xba][0x18][0xfb][0xea][0x5]m[0xa1][0xbd][0xe9]M[0xa1]2[0xab][0xfa];[\r][0x1f][0xbe][0xb4][0xe6][0xb0]@m[0xad]=f[\n]&quot;
00:00:59.234 [main] DEBUG org.apache.http.wire -  &lt;&lt; &quot;[0xfd]r6[0xd7]Zc[0x6]jk[0xed][0xe1])[0xf4]&apos;dqd[0xea]`a[0x7][0x8b][0xd6]_[0xff]9[0x99][0x87][0xd6][0x1c]6QC[0xa9][0xfa]O[0xc2][0xeb][0xbd][0xe7]O[0xad]9[0xfc]h[0xfd][0x99][0xb6]R[0xb1]g[0xf0][0x85]W[0xd9][0xc2][0xeb]ha[0xce][0xb][0xaf][0x5][0xfc][0xa3]m[0xdf]8[0xab][0x8d][0xb3][0xda]8[0xab][0x8d][0xb3][0xda]oV[0xeb][0xb7][0x1e][0x9c][0xd5][0xc1]Y[0x1d][0x9c][0xd5][0xc1]Y[0x9d]7[0xab][0xfd]Kc[0xfe][0xa8][0x8b][0xab],&quot;
00:00:59.235 [main] DEBUG org.apache.http.wire -  &lt;&lt; &quot;[0xe6][0xbb][0x6]Kh[0xa2][0x16]j+[0xb5][0x97]U[0xa3][0x1e][0xa1][0xea][0xde][0x1e]F9[0x7][0xfe][0x86]s[0x18]u![0xec]u!@EE[0xef][0xee][0x8d][0xba][0xab]c[0x1a][0x8e][0xf5]:V[0xe4][0xb4][0xe][0xa7][0x9d]j8[0xf6][0xd7]i[0xf7][0x15][0xf1][0xcf][0x91]}[0x9]m[0xa5]I[0xab]U$[0xad])[0x91][0x98]Fa[0xce][0x85]9[0xd7][0xff][0x1f]Y[0x9e][0x1b][0x85][0xdd]_X[0xef][0xc2]z[0x17][0xce]j[0xd1]z[0x14][0x8b]V[0x8d]8x[0xfd][0x1e]L[0xf2][0xbc][0xeb][0x17]5L[0xe8][0xbb]~[0xa5][0xfa][0x14][0xfa][0xae]_[0xad]%[0xf4][0xaf][0x1e][0xb1][0xae]_[0x9a][0x93][0xd2][0xc8][0xa9][0xce][0xab][0xa7])[0xfe][0xdb][0xcd][0x84][0xbf]\{j[0xa6][0x8f]\p[0xe4]w[0xc6][\n]&quot;
00:00:59.236 [main] DEBUG org.apache.http.wire -  &lt;&lt; &quot;[0xc5]#[0xb7]&lt;[0xf2][0xcb]J[0xaa]:[0xb2]]}?[0xf3][0x12][0xfa]u[0x90][0xd4]A[0xa6][0xad]u[0xf][0x13]c[0xdf][0xbb]&gt;PGM[0xa1][0xf1][0xe6],u+[0x85]9[0xbf][0xf7]f[0xa4][0x8e][0x9a]B[0x13][0xe6][0xfc][0xde][0x9b][0x9][0x85]9[0xbf][0xf3][0x99][0xd4]QSh[0xe1][0x9c][0xb][0xe7]\0[0xe7]w[0xa5][0x90]:j[\n]&quot;
00:00:59.236 [main] DEBUG org.apache.http.wire -  &lt;&lt; &quot;[0xed]7g[0xa9]G[0xa9][0x9c][0xf3][0xff]_[0x83][0xa9][0xa3][0xe6]o[0x8d]w[0x85][0xb6]P[0xb5].d[0xd0][0x9d]?[0xdf][0xae][0xc0][0x2][0xb5][0x85][0xbe][0xa7]T[0xad][0xff]5[0xf6][0xff]g%[0xef][0xcf][0xfc]u[0xf][0xfc][\r][\n]&quot;
00:00:59.236 [main] DEBUG org.apache.http.wire -  &lt;&lt; &quot;[0x85][0xf5][0x16][0xd6][Xoa[0xbd][0x85][0xf5][0x16][0xd6][0xb]O[0xc7]OUEx&gt;[0xef][0xd6][0x5][0xb][0xad]&gt;li[0xad][0xe1][0xa5]u[0xdd][0xe1][0xa8][0xa1]u[0x8f]0[0xa1][0xef][0xfb][0x93][0x84][0xda][0x98][0x87][0xd4]&apos;[0xaa]iu[0xa5][0xef]+[0x13][0xa5][0xde][0xe1][0xa5][0xb5][0x86][0xa7]RL2 [0xc9][0xf7][0xbd]OJ[0xbf][0xdf][0x15][0xd7]jw8[0xa9]7[0xea][0xd2][0xea][0xc3]&apos;j[0x8]}[0xdf][0xad]([0xd4][0x87][0xa5][0xd6][0x82]#C[0x92][0xef][0xb][0xab][0x94][0xda][0xbc][0x1f][0xad]6X[0xbd]P[)d[0xf5][0xbe][0x82]Q[0xaa][0x8b]k[0xff][0xfd][\r][0xaf]R[0xc8][0xea]}[0x97][0x96][0xd2]/[\r]RO[0xd4]R[\n]&quot;
00:00:59.238 [main] DEBUG org.apache.http.wire -  &lt;&lt; &quot;i[0xbc][0xef]b[0x94][0xea]w[0xb8][0xd6][0x12][0xe7][0xf3][0xfb]:F[0xad]G_[0xbf][0xfd][0xd2]P[0xea][0x8e][0x1a]JU[0x1a][0xe2]9[0xf4])[0xec]([0xf0]Y[0xb2][0xde][0x9e][0x1f][0xd4][0xe6][0xf0]DUc[0xff][0xfa]y[0xf7][0x92]z[0xc7]Z*[0xc5]#[0xd7][0xbe][0xb7][0xd4];v[0xa6]Ry[0xe4][0xb7][0xcb]]Z[0xcf][0xf0]P[0x8a]Gn[0xa5]~U[0xad][0xdd][0x9f][0xc2][0xf7][0xfc]\[0x85][0xef]&quot;
00:00:59.245 [main] DEBUG org.apache.http.wire -  &lt;&lt; &quot;~q[0xba]o[0x94][0xbf]g[0xd8][0xfa][0xad][0xf5]:[0xb8]Q[0xf][0xa9]M[0xa9]_[0xc9]B[0xff][0xfa][0xf9][0xfe]![0x8d])[0xf5][0xbb][0xba][0x95][0xca][0xf7][0xbd]&apos;l[0xad]{[0xd8]![0xf5][0xa9][0x14][0xff][0xdd]Vz[0xb0][0xfb]t[0xed]?[0xad][0xe1]!T^[0xa1][0x7][0xaf]P[0xfa][0xcf][0xe0][0x9e][0xfa]p5[0xf6][0xdb][0x15][0xc4][0xd4][0x9a][0xc3][0xb6][0xd6][0x9f]0[0xb5][0xae][0xe1]%[0xd5][0xe6][0x98]A[0xea][0xae]TV[0xf4][0xae][0xb2]#[0xf4][0xbd][0x91][0x13]Z[0xc3]a[0xec][0x1e][0x13][0xf4][0xc][0xf][0xa9]f0[0x16]+j8[0xeb][0xde]{B[0xa1]0g[0xf8][0xaf][0xf3]&apos;[0xdd]sz[0xbe][0xfe]*-[0xb1][0x96][0xb5][0xa9][0xe]&gt;-P5[0xe7]?[0x1][0x83][0xe2][0xd7];[0x8e][0xb7][0x3][0x0]&quot;
00:00:59.245 [main] DEBUG o.a.h.i.c.PoolingClientConnectionManager - Connection [id: 1][route: {s}-&gt;https://inrixprod-referencedata.s3.amazonaws.com:443] can be kept alive for 60000 MILLISECONDS
00:00:59.245 [main] DEBUG o.a.h.i.c.PoolingClientConnectionManager - Connection released: [id: 1][route: {s}-&gt;https://inrixprod-referencedata.s3.amazonaws.com:443][total kept alive: 2; route allocated: 2 of 50; total allocated: 2 of 50]
</system-out>
    <system-err>SLF4J: Class path contains multiple SLF4J bindings.
SLF4J: Found binding in [jar:file:/C:/Users/yishuai.li/.m2/repository/ch/qos/logback/logback-classic/1.1.3/logback-classic-1.1.3.jar!/org/slf4j/impl/StaticLoggerBinder.class]
SLF4J: Found binding in [jar:file:/C:/Users/yishuai.li/.m2/repository/org/slf4j/slf4j-log4j12/1.7.10/slf4j-log4j12-1.7.10.jar!/org/slf4j/impl/StaticLoggerBinder.class]
SLF4J: Found binding in [jar:file:/C:/Users/yishuai.li/.m2/repository/org/apache/logging/log4j/log4j-slf4j-impl/2.4.1/log4j-slf4j-impl-2.4.1.jar!/org/slf4j/impl/StaticLoggerBinder.class]
SLF4J: See http://www.slf4j.org/codes.html#multiple_bindings for an explanation.
SLF4J: Actual binding is of type [ch.qos.logback.classic.util.ContextSelectorStaticBinder]
</system-err>
  </testcase>
</testsuite>